TpTrace Verbose: 0 : 15352, 1, 2022/11/17, 11:05:46.255, 756201304443, vstest.console.dll, Version: 17.1.0-release-20220113-05
TpTrace Information: 0 : 15352, 1, 2022/11/17, 11:05:46.265, 756201389878, vstest.console.dll, FilePatternParser: The given file C:\Development\PersonalProjects\Cambium\MarsRover.Tests\bin\Debug\net6.0\fine-code-coverage\build-output\MarsRover.Tests.dll is a full path.
TpTrace Verbose: 0 : 15352, 1, 2022/11/17, 11:05:46.274, 756201472680, vstest.console.dll, TestPluginCache.DiscoverTestExtensions: finding test extensions in assemblies ends with: RuntimeProvider.dll TPluginInfo: Microsoft.VisualStudio.TestPlatform.Common.ExtensionFramework.Utilities.TestRuntimePluginInformation TExtension: Microsoft.VisualStudio.TestPlatform.ObjectModel.Host.ITestRuntimeProvider
TpTrace Verbose: 0 : 15352, 1, 2022/11/17, 11:05:46.276, 756201496834, vstest.console.dll, TestPluginCache.GetExtensionPaths: Filtered extension paths: 
TpTrace Verbose: 0 : 15352, 1, 2022/11/17, 11:05:46.276, 756201499753, vstest.console.dll, TestPluginCache.GetExtensionPaths: Added default extension paths: C:\Program Files\dotnet\sdk\6.0.203\Extensions\DumpMinitool.exe
C:\Program Files\dotnet\sdk\6.0.203\Extensions\DumpMinitool.x86.exe
C:\Program Files\dotnet\sdk\6.0.203\Extensions\Microsoft.Diagnostics.NETCore.Client.dll
C:\Program Files\dotnet\sdk\6.0.203\Extensions\Microsoft.TestPlatform.Extensions.BlameDataCollector.dll
C:\Program Files\dotnet\sdk\6.0.203\Extensions\Microsoft.TestPlatform.Extensions.EventLogCollector.dll
C:\Program Files\dotnet\sdk\6.0.203\Extensions\Microsoft.TestPlatform.TestHostRuntimeProvider.dll
C:\Program Files\dotnet\sdk\6.0.203\Extensions\Microsoft.VisualStudio.TestPlatform.Extensions.Html.TestLogger.dll
C:\Program Files\dotnet\sdk\6.0.203\Extensions\Microsoft.VisualStudio.TestPlatform.Extensions.Trx.TestLogger.dll
TpTrace Verbose: 0 : 15352, 1, 2022/11/17, 11:05:46.276, 756201500474, vstest.console.dll, TestPluginCache.GetExtensionPaths: Added unfilterableExtensionPaths: 
TpTrace Information: 0 : 15352, 1, 2022/11/17, 11:05:46.278, 756201512597, vstest.console.dll, AssemblyResolver.ctor: Creating AssemblyResolver with searchDirectories C:\Program Files\dotnet\sdk\6.0.203\Extensions,C:\Program Files\dotnet\sdk\6.0.203
TpTrace Verbose: 0 : 15352, 1, 2022/11/17, 11:05:46.279, 756201524696, vstest.console.dll, TestPluginCache.DiscoverTestExtensions: Discovering the extensions using extension path.
TpTrace Verbose: 0 : 15352, 1, 2022/11/17, 11:05:46.279, 756201525825, vstest.console.dll, TestPluginCache.GetExtensionPaths: Filtered extension paths: 
TpTrace Verbose: 0 : 15352, 1, 2022/11/17, 11:05:46.279, 756201526127, vstest.console.dll, TestPluginCache.GetExtensionPaths: Added default extension paths: C:\Program Files\dotnet\sdk\6.0.203\Extensions\DumpMinitool.exe
C:\Program Files\dotnet\sdk\6.0.203\Extensions\DumpMinitool.x86.exe
C:\Program Files\dotnet\sdk\6.0.203\Extensions\Microsoft.Diagnostics.NETCore.Client.dll
C:\Program Files\dotnet\sdk\6.0.203\Extensions\Microsoft.TestPlatform.Extensions.BlameDataCollector.dll
C:\Program Files\dotnet\sdk\6.0.203\Extensions\Microsoft.TestPlatform.Extensions.EventLogCollector.dll
C:\Program Files\dotnet\sdk\6.0.203\Extensions\Microsoft.TestPlatform.TestHostRuntimeProvider.dll
C:\Program Files\dotnet\sdk\6.0.203\Extensions\Microsoft.VisualStudio.TestPlatform.Extensions.Html.TestLogger.dll
C:\Program Files\dotnet\sdk\6.0.203\Extensions\Microsoft.VisualStudio.TestPlatform.Extensions.Trx.TestLogger.dll
TpTrace Verbose: 0 : 15352, 1, 2022/11/17, 11:05:46.279, 756201526374, vstest.console.dll, TestPluginCache.GetExtensionPaths: Added unfilterableExtensionPaths: 
TpTrace Verbose: 0 : 15352, 1, 2022/11/17, 11:05:46.279, 756201526912, vstest.console.dll, TestPluginCache.DiscoverTestExtensions: Discovering the extensions using allExtensionPaths: C:\Program Files\dotnet\sdk\6.0.203\Extensions\DumpMinitool.exe
C:\Program Files\dotnet\sdk\6.0.203\Extensions\DumpMinitool.x86.exe
C:\Program Files\dotnet\sdk\6.0.203\Extensions\Microsoft.Diagnostics.NETCore.Client.dll
C:\Program Files\dotnet\sdk\6.0.203\Extensions\Microsoft.TestPlatform.Extensions.BlameDataCollector.dll
C:\Program Files\dotnet\sdk\6.0.203\Extensions\Microsoft.TestPlatform.Extensions.EventLogCollector.dll
C:\Program Files\dotnet\sdk\6.0.203\Extensions\Microsoft.TestPlatform.TestHostRuntimeProvider.dll
C:\Program Files\dotnet\sdk\6.0.203\Extensions\Microsoft.VisualStudio.TestPlatform.Extensions.Html.TestLogger.dll
C:\Program Files\dotnet\sdk\6.0.203\Extensions\Microsoft.VisualStudio.TestPlatform.Extensions.Trx.TestLogger.dll
TpTrace Information: 0 : 15352, 1, 2022/11/17, 11:05:46.279, 756201528634, vstest.console.dll, AssemblyResolver.AddSearchDirectories: Adding more searchDirectories C:\Program Files\dotnet\sdk\6.0.203\Extensions,C:\Program Files\dotnet\sdk\6.0.203
TpTrace Information: 0 : 15352, 1, 2022/11/17, 11:05:46.279, 756201529132, vstest.console.dll, AssemblyResolver.AddSearchDirectories: Adding more searchDirectories C:\Program Files\dotnet\sdk\6.0.203\Extensions,C:\Program Files\dotnet\sdk\6.0.203
TpTrace Information: 0 : 15352, 1, 2022/11/17, 11:05:46.279, 756201529439, vstest.console.dll, AssemblyResolver.AddSearchDirectories: Adding more searchDirectories C:\Program Files\dotnet\sdk\6.0.203\Extensions,C:\Program Files\dotnet\sdk\6.0.203
TpTrace Information: 0 : 15352, 1, 2022/11/17, 11:05:46.279, 756201529677, vstest.console.dll, AssemblyResolver.AddSearchDirectories: Adding more searchDirectories C:\Program Files\dotnet\sdk\6.0.203\Extensions,C:\Program Files\dotnet\sdk\6.0.203
TpTrace Information: 0 : 15352, 1, 2022/11/17, 11:05:46.279, 756201529853, vstest.console.dll, AssemblyResolver.AddSearchDirectories: Adding more searchDirectories C:\Program Files\dotnet\sdk\6.0.203\Extensions,C:\Program Files\dotnet\sdk\6.0.203
TpTrace Information: 0 : 15352, 1, 2022/11/17, 11:05:46.279, 756201529998, vstest.console.dll, AssemblyResolver.AddSearchDirectories: Adding more searchDirectories C:\Program Files\dotnet\sdk\6.0.203\Extensions,C:\Program Files\dotnet\sdk\6.0.203
TpTrace Information: 0 : 15352, 1, 2022/11/17, 11:05:46.279, 756201530261, vstest.console.dll, AssemblyResolver.AddSearchDirectories: Adding more searchDirectories C:\Program Files\dotnet\sdk\6.0.203\Extensions,C:\Program Files\dotnet\sdk\6.0.203
TpTrace Information: 0 : 15352, 1, 2022/11/17, 11:05:46.279, 756201530431, vstest.console.dll, AssemblyResolver.AddSearchDirectories: Adding more searchDirectories C:\Program Files\dotnet\sdk\6.0.203\Extensions,C:\Program Files\dotnet\sdk\6.0.203
TpTrace Information: 0 : 15352, 1, 2022/11/17, 11:05:46.280, 756201534929, vstest.console.dll, AssemblyResolver.OnResolve: DumpMinitool: Resolving assembly.
TpTrace Information: 0 : 15352, 1, 2022/11/17, 11:05:46.280, 756201535847, vstest.console.dll, AssemblyResolver.OnResolve: DumpMinitool: Searching in: 'C:\Program Files\dotnet\sdk\6.0.203\Extensions'.
TpTrace Information: 0 : 15352, 1, 2022/11/17, 11:05:46.280, 756201537192, vstest.console.dll, AssemblyResolver.OnResolve: DumpMinitool: Assembly path does not exist: 'C:\Program Files\dotnet\sdk\6.0.203\Extensions\DumpMinitool.dll', returning.
TpTrace Information: 0 : 15352, 1, 2022/11/17, 11:05:46.281, 756201549036, vstest.console.dll, AssemblyResolver.OnResolve: DumpMinitool: Loading assembly 'C:\Program Files\dotnet\sdk\6.0.203\Extensions\DumpMinitool.exe'.
TpTrace Information: 0 : 15352, 1, 2022/11/17, 11:05:46.283, 756201564820, vstest.console.dll, AssemblyResolver.OnResolve: Resolved assembly: DumpMinitool, from path: C:\Program Files\dotnet\sdk\6.0.203\Extensions\DumpMinitool.exe
TpTrace Information: 0 : 15352, 1, 2022/11/17, 11:05:46.289, 756201629942, vstest.console.dll, AssemblyResolver.OnResolve: DumpMinitool.x86: Resolving assembly.
TpTrace Information: 0 : 15352, 1, 2022/11/17, 11:05:46.290, 756201632030, vstest.console.dll, AssemblyResolver.OnResolve: DumpMinitool.x86: Searching in: 'C:\Program Files\dotnet\sdk\6.0.203\Extensions'.
TpTrace Information: 0 : 15352, 1, 2022/11/17, 11:05:46.290, 756201632954, vstest.console.dll, AssemblyResolver.OnResolve: DumpMinitool.x86: Assembly path does not exist: 'C:\Program Files\dotnet\sdk\6.0.203\Extensions\DumpMinitool.x86.dll', returning.
TpTrace Information: 0 : 15352, 1, 2022/11/17, 11:05:46.290, 756201639279, vstest.console.dll, AssemblyResolver.OnResolve: DumpMinitool.x86: Loading assembly 'C:\Program Files\dotnet\sdk\6.0.203\Extensions\DumpMinitool.x86.exe'.
TpTrace Information: 0 : 15352, 1, 2022/11/17, 11:05:46.291, 756201645142, vstest.console.dll, AssemblyResolver.OnResolve: Resolved assembly: DumpMinitool.x86, from path: C:\Program Files\dotnet\sdk\6.0.203\Extensions\DumpMinitool.x86.exe
TpTrace Information: 0 : 15352, 1, 2022/11/17, 11:05:46.292, 756201654882, vstest.console.dll, AssemblyResolver.OnResolve: Microsoft.Diagnostics.NETCore.Client: Resolving assembly.
TpTrace Information: 0 : 15352, 1, 2022/11/17, 11:05:46.292, 756201655426, vstest.console.dll, AssemblyResolver.OnResolve: Microsoft.Diagnostics.NETCore.Client: Searching in: 'C:\Program Files\dotnet\sdk\6.0.203\Extensions'.
TpTrace Information: 0 : 15352, 1, 2022/11/17, 11:05:46.293, 756201662404, vstest.console.dll, AssemblyResolver.OnResolve: Microsoft.Diagnostics.NETCore.Client: Loading assembly 'C:\Program Files\dotnet\sdk\6.0.203\Extensions\Microsoft.Diagnostics.NETCore.Client.dll'.
TpTrace Information: 0 : 15352, 1, 2022/11/17, 11:05:46.294, 756201671407, vstest.console.dll, AssemblyResolver.OnResolve: Resolved assembly: Microsoft.Diagnostics.NETCore.Client, from path: C:\Program Files\dotnet\sdk\6.0.203\Extensions\Microsoft.Diagnostics.NETCore.Client.dll
TpTrace Information: 0 : 15352, 1, 2022/11/17, 11:05:46.297, 756201702445, vstest.console.dll, AssemblyResolver.OnResolve: Microsoft.Bcl.AsyncInterfaces: Resolving assembly.
TpTrace Information: 0 : 15352, 1, 2022/11/17, 11:05:46.297, 756201702870, vstest.console.dll, AssemblyResolver.OnResolve: Microsoft.Bcl.AsyncInterfaces: Searching in: 'C:\Program Files\dotnet\sdk\6.0.203\Extensions'.
TpTrace Information: 0 : 15352, 1, 2022/11/17, 11:05:46.297, 756201703741, vstest.console.dll, AssemblyResolver.OnResolve: Microsoft.Bcl.AsyncInterfaces: Assembly path does not exist: 'C:\Program Files\dotnet\sdk\6.0.203\Extensions\Microsoft.Bcl.AsyncInterfaces.dll', returning.
TpTrace Information: 0 : 15352, 1, 2022/11/17, 11:05:46.297, 756201704222, vstest.console.dll, AssemblyResolver.OnResolve: Microsoft.Bcl.AsyncInterfaces: Assembly path does not exist: 'C:\Program Files\dotnet\sdk\6.0.203\Extensions\Microsoft.Bcl.AsyncInterfaces.exe', returning.
TpTrace Information: 0 : 15352, 1, 2022/11/17, 11:05:46.297, 756201704364, vstest.console.dll, AssemblyResolver.OnResolve: Microsoft.Bcl.AsyncInterfaces: Searching in: 'C:\Program Files\dotnet\sdk\6.0.203'.
TpTrace Information: 0 : 15352, 1, 2022/11/17, 11:05:46.297, 756201704862, vstest.console.dll, AssemblyResolver.OnResolve: Microsoft.Bcl.AsyncInterfaces: Assembly path does not exist: 'C:\Program Files\dotnet\sdk\6.0.203\Microsoft.Bcl.AsyncInterfaces.dll', returning.
TpTrace Information: 0 : 15352, 1, 2022/11/17, 11:05:46.297, 756201705095, vstest.console.dll, AssemblyResolver.OnResolve: Microsoft.Bcl.AsyncInterfaces: Assembly path does not exist: 'C:\Program Files\dotnet\sdk\6.0.203\Microsoft.Bcl.AsyncInterfaces.exe', returning.
TpTrace Information: 0 : 15352, 1, 2022/11/17, 11:05:46.297, 756201705236, vstest.console.dll, AssemblyResolver.OnResolve: Microsoft.Bcl.AsyncInterfaces: Failed to load assembly.
TpTrace Verbose: 0 : 15352, 1, 2022/11/17, 11:05:46.297, 756201705471, vstest.console.dll, CurrentDomainAssemblyResolve: Resolving assembly 'Microsoft.Bcl.AsyncInterfaces'.
TpTrace Information: 0 : 15352, 1, 2022/11/17, 11:05:46.297, 756201706200, vstest.console.dll, AssemblyResolver.OnResolve: Microsoft.Bcl.AsyncInterfaces: Resolving assembly.
TpTrace Information: 0 : 15352, 1, 2022/11/17, 11:05:46.297, 756201707176, vstest.console.dll, AssemblyResolver.OnResolve: Microsoft.Bcl.AsyncInterfaces: Resolved from cache.
TpTrace Verbose: 0 : 15352, 1, 2022/11/17, 11:05:46.297, 756201707315, vstest.console.dll, CurrentDomainAssemblyResolve: Resolving assembly 'Microsoft.Bcl.AsyncInterfaces'.
TpTrace Verbose: 0 : 15352, 1, 2022/11/17, 11:05:46.297, 756201707537, vstest.console.dll, CurrentDomainAssemblyResolve: Failed to resolve assembly 'Microsoft.Bcl.AsyncInterfaces'.
TpTrace Verbose: 0 : 15352, 1, 2022/11/17, 11:05:46.297, 756201710221, vstest.console.dll, CurrentDomainAssemblyResolve: Failed to resolve assembly 'Microsoft.Bcl.AsyncInterfaces'.
TpTrace Warning: 0 : 15352, 1, 2022/11/17, 11:05:46.308, 756201815256, vstest.console.dll, TestPluginDiscoverer: Failed to get types from assembly 'Microsoft.Diagnostics.NETCore.Client, Version=0.2.5.801, Culture=neutral, PublicKeyToken=31bf3856ad364e35'.  Skipping test extension scan for this assembly.  Error: System.Reflection.ReflectionTypeLoadException: Unable to load one or more of the requested types.
Could not load file or assembly 'Microsoft.Bcl.AsyncInterfaces, Version=1.0.0.0, Culture=neutral, PublicKeyToken=cc7b13ffcd2ddd51'. The system cannot find the file specified.
   at System.Reflection.RuntimeModule.GetTypes(RuntimeModule module)
   at System.Reflection.Assembly.GetTypes()
   at Microsoft.VisualStudio.TestPlatform.Common.ExtensionFramework.TestPluginDiscoverer.GetTestExtensionsFromAssembly[TPluginInfo,TExtension](Assembly assembly, Dictionary`2 pluginInfos)
System.IO.FileNotFoundException: Could not load file or assembly 'Microsoft.Bcl.AsyncInterfaces, Version=1.0.0.0, Culture=neutral, PublicKeyToken=cc7b13ffcd2ddd51'. The system cannot find the file specified.
File name: 'Microsoft.Bcl.AsyncInterfaces, Version=1.0.0.0, Culture=neutral, PublicKeyToken=cc7b13ffcd2ddd51'
 ---> System.IO.FileNotFoundException: Could not load file or assembly 'Microsoft.Bcl.AsyncInterfaces, Culture=neutral, PublicKeyToken=null'. The system cannot find the file specified.
File name: 'Microsoft.Bcl.AsyncInterfaces, Culture=neutral, PublicKeyToken=null'
   at System.Reflection.RuntimeAssembly.InternalLoad(ObjectHandleOnStack assemblyName, ObjectHandleOnStack requestingAssembly, StackCrawlMarkHandle stackMark, Boolean throwOnFileNotFound, ObjectHandleOnStack assemblyLoadContext, ObjectHandleOnStack retAssembly)
   at System.Reflection.RuntimeAssembly.InternalLoad(AssemblyName assemblyName, RuntimeAssembly requestingAssembly, StackCrawlMark& stackMark, Boolean throwOnFileNotFound, AssemblyLoadContext assemblyLoadContext)
   at System.Reflection.Assembly.Load(AssemblyName assemblyRef)
   at Microsoft.VisualStudio.TestPlatform.Common.ExtensionFramework.TestPluginCache.CurrentDomainAssemblyResolve(Object sender, AssemblyResolveEventArgs args)
   at Microsoft.VisualStudio.TestPlatform.PlatformAbstractions.PlatformAssemblyResolver.AssemblyResolverEvent(Object sender, Object eventArgs)
   at System.Runtime.Loader.AssemblyLoadContext.GetFirstResolvedAssemblyFromResolvingEvent(AssemblyName assemblyName)
   at System.Runtime.Loader.AssemblyLoadContext.ResolveUsingEvent(AssemblyName assemblyName)
   at System.Runtime.Loader.AssemblyLoadContext.ResolveUsingResolvingEvent(IntPtr gchManagedAssemblyLoadContext, AssemblyName assemblyName)
TpTrace Warning: 0 : 15352, 1, 2022/11/17, 11:05:46.308, 756201816442, vstest.console.dll, LoaderExceptions: System.IO.FileNotFoundException: Could not load file or assembly 'Microsoft.Bcl.AsyncInterfaces, Version=1.0.0.0, Culture=neutral, PublicKeyToken=cc7b13ffcd2ddd51'. The system cannot find the file specified.
File name: 'Microsoft.Bcl.AsyncInterfaces, Version=1.0.0.0, Culture=neutral, PublicKeyToken=cc7b13ffcd2ddd51'
 ---> System.IO.FileNotFoundException: Could not load file or assembly 'Microsoft.Bcl.AsyncInterfaces, Culture=neutral, PublicKeyToken=null'. The system cannot find the file specified.
File name: 'Microsoft.Bcl.AsyncInterfaces, Culture=neutral, PublicKeyToken=null'
   at System.Reflection.RuntimeAssembly.InternalLoad(ObjectHandleOnStack assemblyName, ObjectHandleOnStack requestingAssembly, StackCrawlMarkHandle stackMark, Boolean throwOnFileNotFound, ObjectHandleOnStack assemblyLoadContext, ObjectHandleOnStack retAssembly)
   at System.Reflection.RuntimeAssembly.InternalLoad(AssemblyName assemblyName, RuntimeAssembly requestingAssembly, StackCrawlMark& stackMark, Boolean throwOnFileNotFound, AssemblyLoadContext assemblyLoadContext)
   at System.Reflection.Assembly.Load(AssemblyName assemblyRef)
   at Microsoft.VisualStudio.TestPlatform.Common.ExtensionFramework.TestPluginCache.CurrentDomainAssemblyResolve(Object sender, AssemblyResolveEventArgs args)
   at Microsoft.VisualStudio.TestPlatform.PlatformAbstractions.PlatformAssemblyResolver.AssemblyResolverEvent(Object sender, Object eventArgs)
   at System.Runtime.Loader.AssemblyLoadContext.GetFirstResolvedAssemblyFromResolvingEvent(AssemblyName assemblyName)
   at System.Runtime.Loader.AssemblyLoadContext.ResolveUsingEvent(AssemblyName assemblyName)
   at System.Runtime.Loader.AssemblyLoadContext.ResolveUsingResolvingEvent(IntPtr gchManagedAssemblyLoadContext, AssemblyName assemblyName)
TpTrace Information: 0 : 15352, 1, 2022/11/17, 11:05:46.308, 756201817480, vstest.console.dll, AssemblyResolver.OnResolve: Microsoft.TestPlatform.Extensions.BlameDataCollector: Resolving assembly.
TpTrace Information: 0 : 15352, 1, 2022/11/17, 11:05:46.308, 756201817712, vstest.console.dll, AssemblyResolver.OnResolve: Microsoft.TestPlatform.Extensions.BlameDataCollector: Searching in: 'C:\Program Files\dotnet\sdk\6.0.203\Extensions'.
TpTrace Information: 0 : 15352, 1, 2022/11/17, 11:05:46.309, 756201821280, vstest.console.dll, AssemblyResolver.OnResolve: Microsoft.TestPlatform.Extensions.BlameDataCollector: Loading assembly 'C:\Program Files\dotnet\sdk\6.0.203\Extensions\Microsoft.TestPlatform.Extensions.BlameDataCollector.dll'.
TpTrace Information: 0 : 15352, 1, 2022/11/17, 11:05:46.309, 756201824856, vstest.console.dll, AssemblyResolver.OnResolve: Resolved assembly: Microsoft.TestPlatform.Extensions.BlameDataCollector, from path: C:\Program Files\dotnet\sdk\6.0.203\Extensions\Microsoft.TestPlatform.Extensions.BlameDataCollector.dll
TpTrace Information: 0 : 15352, 1, 2022/11/17, 11:05:46.309, 756201829098, vstest.console.dll, AssemblyResolver.OnResolve: Microsoft.TestPlatform.Extensions.EventLogCollector: Resolving assembly.
TpTrace Information: 0 : 15352, 1, 2022/11/17, 11:05:46.309, 756201829417, vstest.console.dll, AssemblyResolver.OnResolve: Microsoft.TestPlatform.Extensions.EventLogCollector: Searching in: 'C:\Program Files\dotnet\sdk\6.0.203\Extensions'.
TpTrace Information: 0 : 15352, 1, 2022/11/17, 11:05:46.310, 756201832973, vstest.console.dll, AssemblyResolver.OnResolve: Microsoft.TestPlatform.Extensions.EventLogCollector: Loading assembly 'C:\Program Files\dotnet\sdk\6.0.203\Extensions\Microsoft.TestPlatform.Extensions.EventLogCollector.dll'.
TpTrace Information: 0 : 15352, 1, 2022/11/17, 11:05:46.310, 756201836091, vstest.console.dll, AssemblyResolver.OnResolve: Resolved assembly: Microsoft.TestPlatform.Extensions.EventLogCollector, from path: C:\Program Files\dotnet\sdk\6.0.203\Extensions\Microsoft.TestPlatform.Extensions.EventLogCollector.dll
TpTrace Information: 0 : 15352, 1, 2022/11/17, 11:05:46.310, 756201839922, vstest.console.dll, AssemblyResolver.OnResolve: Microsoft.TestPlatform.TestHostRuntimeProvider: Resolving assembly.
TpTrace Information: 0 : 15352, 1, 2022/11/17, 11:05:46.310, 756201840321, vstest.console.dll, AssemblyResolver.OnResolve: Microsoft.TestPlatform.TestHostRuntimeProvider: Searching in: 'C:\Program Files\dotnet\sdk\6.0.203\Extensions'.
TpTrace Information: 0 : 15352, 1, 2022/11/17, 11:05:46.311, 756201843867, vstest.console.dll, AssemblyResolver.OnResolve: Microsoft.TestPlatform.TestHostRuntimeProvider: Loading assembly 'C:\Program Files\dotnet\sdk\6.0.203\Extensions\Microsoft.TestPlatform.TestHostRuntimeProvider.dll'.
TpTrace Information: 0 : 15352, 1, 2022/11/17, 11:05:46.311, 756201848416, vstest.console.dll, AssemblyResolver.OnResolve: Resolved assembly: Microsoft.TestPlatform.TestHostRuntimeProvider, from path: C:\Program Files\dotnet\sdk\6.0.203\Extensions\Microsoft.TestPlatform.TestHostRuntimeProvider.dll
TpTrace Information: 0 : 15352, 1, 2022/11/17, 11:05:46.313, 756201863387, vstest.console.dll, AssemblyResolver.OnResolve: Microsoft.VisualStudio.TestPlatform.Extensions.Html.TestLogger: Resolving assembly.
TpTrace Information: 0 : 15352, 1, 2022/11/17, 11:05:46.313, 756201863717, vstest.console.dll, AssemblyResolver.OnResolve: Microsoft.VisualStudio.TestPlatform.Extensions.Html.TestLogger: Searching in: 'C:\Program Files\dotnet\sdk\6.0.203\Extensions'.
TpTrace Information: 0 : 15352, 1, 2022/11/17, 11:05:46.313, 756201866932, vstest.console.dll, AssemblyResolver.OnResolve: Microsoft.VisualStudio.TestPlatform.Extensions.Html.TestLogger: Loading assembly 'C:\Program Files\dotnet\sdk\6.0.203\Extensions\Microsoft.VisualStudio.TestPlatform.Extensions.Html.TestLogger.dll'.
TpTrace Information: 0 : 15352, 1, 2022/11/17, 11:05:46.313, 756201870243, vstest.console.dll, AssemblyResolver.OnResolve: Resolved assembly: Microsoft.VisualStudio.TestPlatform.Extensions.Html.TestLogger, from path: C:\Program Files\dotnet\sdk\6.0.203\Extensions\Microsoft.VisualStudio.TestPlatform.Extensions.Html.TestLogger.dll
TpTrace Information: 0 : 15352, 1, 2022/11/17, 11:05:46.314, 756201873078, vstest.console.dll, AssemblyResolver.OnResolve: Microsoft.VisualStudio.TestPlatform.Extensions.Trx.TestLogger: Resolving assembly.
TpTrace Information: 0 : 15352, 1, 2022/11/17, 11:05:46.314, 756201873439, vstest.console.dll, AssemblyResolver.OnResolve: Microsoft.VisualStudio.TestPlatform.Extensions.Trx.TestLogger: Searching in: 'C:\Program Files\dotnet\sdk\6.0.203\Extensions'.
TpTrace Information: 0 : 15352, 1, 2022/11/17, 11:05:46.314, 756201876760, vstest.console.dll, AssemblyResolver.OnResolve: Microsoft.VisualStudio.TestPlatform.Extensions.Trx.TestLogger: Loading assembly 'C:\Program Files\dotnet\sdk\6.0.203\Extensions\Microsoft.VisualStudio.TestPlatform.Extensions.Trx.TestLogger.dll'.
TpTrace Information: 0 : 15352, 1, 2022/11/17, 11:05:46.315, 756201882320, vstest.console.dll, AssemblyResolver.OnResolve: Resolved assembly: Microsoft.VisualStudio.TestPlatform.Extensions.Trx.TestLogger, from path: C:\Program Files\dotnet\sdk\6.0.203\Extensions\Microsoft.VisualStudio.TestPlatform.Extensions.Trx.TestLogger.dll
TpTrace Verbose: 0 : 15352, 1, 2022/11/17, 11:05:46.315, 756201888756, vstest.console.dll, TestPluginCache: Discovered the extensions using extension path ''.
TpTrace Verbose: 0 : 15352, 1, 2022/11/17, 11:05:46.315, 756201889177, vstest.console.dll, TestPluginCache: Discoverers are ''.
TpTrace Verbose: 0 : 15352, 1, 2022/11/17, 11:05:46.315, 756201889311, vstest.console.dll, TestPluginCache: Executors are ''.
TpTrace Verbose: 0 : 15352, 1, 2022/11/17, 11:05:46.315, 756201889483, vstest.console.dll, TestPluginCache: Executors2 are ''.
TpTrace Verbose: 0 : 15352, 1, 2022/11/17, 11:05:46.315, 756201889674, vstest.console.dll, TestPluginCache: Setting providers are ''.
TpTrace Verbose: 0 : 15352, 1, 2022/11/17, 11:05:46.315, 756201889793, vstest.console.dll, TestPluginCache: Loggers are ''.
TpTrace Information: 0 : 15352, 1, 2022/11/17, 11:05:46.319, 756201923270, vstest.console.dll, RunTestsArgumentProcessor:Execute: Test run is starting.
TpTrace Verbose: 0 : 15352, 1, 2022/11/17, 11:05:46.319, 756201923641, vstest.console.dll, RunTestsArgumentProcessor:Execute: Queuing Test run.
TpTrace Information: 0 : 15352, 1, 2022/11/17, 11:05:46.319, 756201925579, vstest.console.dll, TestRequestManager.RunTests: run tests started.
TpTrace Information: 0 : 15352, 1, 2022/11/17, 11:05:46.322, 756201953859, vstest.console.dll, AssemblyMetadataProvider.GetFrameWork: Determined framework:'.NETCoreApp,Version=v6.0' for source: 'C:\Development\PersonalProjects\Cambium\MarsRover.Tests\bin\Debug\net6.0\fine-code-coverage\build-output\MarsRover.Tests.dll'
TpTrace Information: 0 : 15352, 1, 2022/11/17, 11:05:46.322, 756201954680, vstest.console.dll, Determined framework for all sources: .NETCoreApp,Version=v6.0
TpTrace Verbose: 0 : 15352, 1, 2022/11/17, 11:05:46.322, 756201956415, vstest.console.dll, Default architecture: X64 IsDefaultTargetArchitecture: True
TpTrace Information: 0 : 15352, 1, 2022/11/17, 11:05:46.322, 756201958009, vstest.console.dll, AssemblyMetadataProvider.GetArchitecture: Determined architecture:AnyCPU info for assembly: C:\Development\PersonalProjects\Cambium\MarsRover.Tests\bin\Debug\net6.0\fine-code-coverage\build-output\MarsRover.Tests.dll
TpTrace Information: 0 : 15352, 1, 2022/11/17, 11:05:46.322, 756201958275, vstest.console.dll, Determined platform for source 'C:\Development\PersonalProjects\Cambium\MarsRover.Tests\bin\Debug\net6.0\fine-code-coverage\build-output\MarsRover.Tests.dll' is 'AnyCPU'
TpTrace Information: 0 : 15352, 1, 2022/11/17, 11:05:46.323, 756201969488, vstest.console.dll, Determined platform for all sources: X64
TpTrace Information: 0 : 15352, 1, 2022/11/17, 11:05:46.323, 756201969873, vstest.console.dll, Infered platform 'X64'.
TpTrace Information: 0 : 15352, 1, 2022/11/17, 11:05:46.323, 756201970030, vstest.console.dll, Platform update to 'X64' required.
TpTrace Information: 0 : 15352, 1, 2022/11/17, 11:05:46.325, 756201985424, vstest.console.dll, Compatible sources list : 
TpTrace Information: 0 : 15352, 1, 2022/11/17, 11:05:46.325, 756201985929, vstest.console.dll, C:\Development\PersonalProjects\Cambium\MarsRover.Tests\bin\Debug\net6.0\fine-code-coverage\build-output\MarsRover.Tests.dll
TpTrace Information: 0 : 15352, 1, 2022/11/17, 11:05:46.327, 756202002555, vstest.console.dll, InferRunSettingsHelper.IsTestSettingsEnabled: Unable to navigate to RunSettings/MSTest. Current node: RunSettings
TpTrace Information: 0 : 15352, 1, 2022/11/17, 11:05:46.327, 756202006625, vstest.console.dll, AssemblyResolver.OnResolve: Microsoft.VisualStudio.TestPlatform.Fakes: Resolving assembly.
TpTrace Information: 0 : 15352, 1, 2022/11/17, 11:05:46.327, 756202006985, vstest.console.dll, AssemblyResolver.OnResolve: Microsoft.VisualStudio.TestPlatform.Fakes: Searching in: 'C:\Program Files\dotnet\sdk\6.0.203\Extensions'.
TpTrace Information: 0 : 15352, 1, 2022/11/17, 11:05:46.327, 756202007449, vstest.console.dll, AssemblyResolver.OnResolve: Microsoft.VisualStudio.TestPlatform.Fakes: Assembly path does not exist: 'C:\Program Files\dotnet\sdk\6.0.203\Extensions\Microsoft.VisualStudio.TestPlatform.Fakes.dll', returning.
TpTrace Information: 0 : 15352, 1, 2022/11/17, 11:05:46.327, 756202007701, vstest.console.dll, AssemblyResolver.OnResolve: Microsoft.VisualStudio.TestPlatform.Fakes: Assembly path does not exist: 'C:\Program Files\dotnet\sdk\6.0.203\Extensions\Microsoft.VisualStudio.TestPlatform.Fakes.exe', returning.
TpTrace Information: 0 : 15352, 1, 2022/11/17, 11:05:46.327, 756202007856, vstest.console.dll, AssemblyResolver.OnResolve: Microsoft.VisualStudio.TestPlatform.Fakes: Searching in: 'C:\Program Files\dotnet\sdk\6.0.203'.
TpTrace Information: 0 : 15352, 1, 2022/11/17, 11:05:46.327, 756202008154, vstest.console.dll, AssemblyResolver.OnResolve: Microsoft.VisualStudio.TestPlatform.Fakes: Assembly path does not exist: 'C:\Program Files\dotnet\sdk\6.0.203\Microsoft.VisualStudio.TestPlatform.Fakes.dll', returning.
TpTrace Information: 0 : 15352, 1, 2022/11/17, 11:05:46.327, 756202008381, vstest.console.dll, AssemblyResolver.OnResolve: Microsoft.VisualStudio.TestPlatform.Fakes: Assembly path does not exist: 'C:\Program Files\dotnet\sdk\6.0.203\Microsoft.VisualStudio.TestPlatform.Fakes.exe', returning.
TpTrace Information: 0 : 15352, 1, 2022/11/17, 11:05:46.327, 756202008524, vstest.console.dll, AssemblyResolver.OnResolve: Microsoft.VisualStudio.TestPlatform.Fakes: Failed to load assembly.
TpTrace Information: 0 : 15352, 1, 2022/11/17, 11:05:46.327, 756202010188, vstest.console.dll, Failed to load assembly Microsoft.VisualStudio.TestPlatform.Fakes, Version=17.0.0.0, Culture=neutral. Reason:System.IO.FileNotFoundException: Could not load file or assembly 'Microsoft.VisualStudio.TestPlatform.Fakes, Version=17.0.0.0, Culture=neutral, PublicKeyToken=null'. The system cannot find the file specified.
File name: 'Microsoft.VisualStudio.TestPlatform.Fakes, Version=17.0.0.0, Culture=neutral, PublicKeyToken=null'
   at System.Reflection.RuntimeAssembly.InternalLoad(ObjectHandleOnStack assemblyName, ObjectHandleOnStack requestingAssembly, StackCrawlMarkHandle stackMark, Boolean throwOnFileNotFound, ObjectHandleOnStack assemblyLoadContext, ObjectHandleOnStack retAssembly)
   at System.Reflection.RuntimeAssembly.InternalLoad(AssemblyName assemblyName, RuntimeAssembly requestingAssembly, StackCrawlMark& stackMark, Boolean throwOnFileNotFound, AssemblyLoadContext assemblyLoadContext)
   at System.Reflection.Assembly.Load(AssemblyName assemblyRef)
   at Microsoft.VisualStudio.TestPlatform.Common.Utilities.FakesUtilities.LoadTestPlatformAssembly()
TpTrace Verbose: 0 : 15352, 1, 2022/11/17, 11:05:46.330, 756202036102, vstest.console.dll, TestPluginCache.DiscoverTestExtensions: finding test extensions in assemblies ends with: TestLogger.dll TPluginInfo: Microsoft.VisualStudio.TestPlatform.Common.ExtensionFramework.Utilities.TestLoggerPluginInformation TExtension: Microsoft.VisualStudio.TestPlatform.ObjectModel.Client.ITestLogger
TpTrace Verbose: 0 : 15352, 1, 2022/11/17, 11:05:46.330, 756202036563, vstest.console.dll, TestPluginCache.GetExtensionPaths: Filtered extension paths: 
TpTrace Verbose: 0 : 15352, 1, 2022/11/17, 11:05:46.330, 756202036746, vstest.console.dll, TestPluginCache.GetExtensionPaths: Added default extension paths: C:\Program Files\dotnet\sdk\6.0.203\Extensions\DumpMinitool.exe
C:\Program Files\dotnet\sdk\6.0.203\Extensions\DumpMinitool.x86.exe
C:\Program Files\dotnet\sdk\6.0.203\Extensions\Microsoft.Diagnostics.NETCore.Client.dll
C:\Program Files\dotnet\sdk\6.0.203\Extensions\Microsoft.TestPlatform.Extensions.BlameDataCollector.dll
C:\Program Files\dotnet\sdk\6.0.203\Extensions\Microsoft.TestPlatform.Extensions.EventLogCollector.dll
C:\Program Files\dotnet\sdk\6.0.203\Extensions\Microsoft.TestPlatform.TestHostRuntimeProvider.dll
C:\Program Files\dotnet\sdk\6.0.203\Extensions\Microsoft.VisualStudio.TestPlatform.Extensions.Html.TestLogger.dll
C:\Program Files\dotnet\sdk\6.0.203\Extensions\Microsoft.VisualStudio.TestPlatform.Extensions.Trx.TestLogger.dll
TpTrace Verbose: 0 : 15352, 1, 2022/11/17, 11:05:46.330, 756202036912, vstest.console.dll, TestPluginCache.GetExtensionPaths: Added unfilterableExtensionPaths: 
TpTrace Information: 0 : 15352, 1, 2022/11/17, 11:05:46.330, 756202037632, vstest.console.dll, AssemblyResolver.AddSearchDirectories: Adding more searchDirectories C:\Program Files\dotnet\sdk\6.0.203\Extensions,C:\Program Files\dotnet\sdk\6.0.203
TpTrace Verbose: 0 : 15352, 1, 2022/11/17, 11:05:46.330, 756202037848, vstest.console.dll, TestPluginCache.DiscoverTestExtensions: Discovering the extensions using extension path.
TpTrace Verbose: 0 : 15352, 1, 2022/11/17, 11:05:46.330, 756202038043, vstest.console.dll, TestPluginCache.GetExtensionPaths: Filtered extension paths: 
TpTrace Verbose: 0 : 15352, 1, 2022/11/17, 11:05:46.330, 756202038171, vstest.console.dll, TestPluginCache.GetExtensionPaths: Added default extension paths: C:\Program Files\dotnet\sdk\6.0.203\Extensions\DumpMinitool.exe
C:\Program Files\dotnet\sdk\6.0.203\Extensions\DumpMinitool.x86.exe
C:\Program Files\dotnet\sdk\6.0.203\Extensions\Microsoft.Diagnostics.NETCore.Client.dll
C:\Program Files\dotnet\sdk\6.0.203\Extensions\Microsoft.TestPlatform.Extensions.BlameDataCollector.dll
C:\Program Files\dotnet\sdk\6.0.203\Extensions\Microsoft.TestPlatform.Extensions.EventLogCollector.dll
C:\Program Files\dotnet\sdk\6.0.203\Extensions\Microsoft.TestPlatform.TestHostRuntimeProvider.dll
C:\Program Files\dotnet\sdk\6.0.203\Extensions\Microsoft.VisualStudio.TestPlatform.Extensions.Html.TestLogger.dll
C:\Program Files\dotnet\sdk\6.0.203\Extensions\Microsoft.VisualStudio.TestPlatform.Extensions.Trx.TestLogger.dll
TpTrace Verbose: 0 : 15352, 1, 2022/11/17, 11:05:46.330, 756202038328, vstest.console.dll, TestPluginCache.GetExtensionPaths: Added unfilterableExtensionPaths: 
TpTrace Verbose: 0 : 15352, 1, 2022/11/17, 11:05:46.330, 756202038503, vstest.console.dll, TestPluginCache.DiscoverTestExtensions: Discovering the extensions using allExtensionPaths: C:\Program Files\dotnet\sdk\6.0.203\Extensions\DumpMinitool.exe
C:\Program Files\dotnet\sdk\6.0.203\Extensions\DumpMinitool.x86.exe
C:\Program Files\dotnet\sdk\6.0.203\Extensions\Microsoft.Diagnostics.NETCore.Client.dll
C:\Program Files\dotnet\sdk\6.0.203\Extensions\Microsoft.TestPlatform.Extensions.BlameDataCollector.dll
C:\Program Files\dotnet\sdk\6.0.203\Extensions\Microsoft.TestPlatform.Extensions.EventLogCollector.dll
C:\Program Files\dotnet\sdk\6.0.203\Extensions\Microsoft.TestPlatform.TestHostRuntimeProvider.dll
C:\Program Files\dotnet\sdk\6.0.203\Extensions\Microsoft.VisualStudio.TestPlatform.Extensions.Html.TestLogger.dll
C:\Program Files\dotnet\sdk\6.0.203\Extensions\Microsoft.VisualStudio.TestPlatform.Extensions.Trx.TestLogger.dll
TpTrace Information: 0 : 15352, 1, 2022/11/17, 11:05:46.330, 756202039119, vstest.console.dll, AssemblyResolver.AddSearchDirectories: Adding more searchDirectories C:\Program Files\dotnet\sdk\6.0.203\Extensions,C:\Program Files\dotnet\sdk\6.0.203
TpTrace Information: 0 : 15352, 1, 2022/11/17, 11:05:46.330, 756202039294, vstest.console.dll, AssemblyResolver.AddSearchDirectories: Adding more searchDirectories C:\Program Files\dotnet\sdk\6.0.203\Extensions,C:\Program Files\dotnet\sdk\6.0.203
TpTrace Information: 0 : 15352, 1, 2022/11/17, 11:05:46.330, 756202039423, vstest.console.dll, AssemblyResolver.AddSearchDirectories: Adding more searchDirectories C:\Program Files\dotnet\sdk\6.0.203\Extensions,C:\Program Files\dotnet\sdk\6.0.203
TpTrace Information: 0 : 15352, 1, 2022/11/17, 11:05:46.330, 756202039572, vstest.console.dll, AssemblyResolver.AddSearchDirectories: Adding more searchDirectories C:\Program Files\dotnet\sdk\6.0.203\Extensions,C:\Program Files\dotnet\sdk\6.0.203
TpTrace Information: 0 : 15352, 1, 2022/11/17, 11:05:46.330, 756202039698, vstest.console.dll, AssemblyResolver.AddSearchDirectories: Adding more searchDirectories C:\Program Files\dotnet\sdk\6.0.203\Extensions,C:\Program Files\dotnet\sdk\6.0.203
TpTrace Information: 0 : 15352, 1, 2022/11/17, 11:05:46.330, 756202039824, vstest.console.dll, AssemblyResolver.AddSearchDirectories: Adding more searchDirectories C:\Program Files\dotnet\sdk\6.0.203\Extensions,C:\Program Files\dotnet\sdk\6.0.203
TpTrace Information: 0 : 15352, 1, 2022/11/17, 11:05:46.330, 756202039973, vstest.console.dll, AssemblyResolver.AddSearchDirectories: Adding more searchDirectories C:\Program Files\dotnet\sdk\6.0.203\Extensions,C:\Program Files\dotnet\sdk\6.0.203
TpTrace Information: 0 : 15352, 1, 2022/11/17, 11:05:46.330, 756202040098, vstest.console.dll, AssemblyResolver.AddSearchDirectories: Adding more searchDirectories C:\Program Files\dotnet\sdk\6.0.203\Extensions,C:\Program Files\dotnet\sdk\6.0.203
TpTrace Information: 0 : 15352, 1, 2022/11/17, 11:05:46.331, 756202041929, vstest.console.dll, AssemblyResolver.OnResolve: Microsoft.Bcl.AsyncInterfaces: Resolving assembly.
TpTrace Information: 0 : 15352, 1, 2022/11/17, 11:05:46.331, 756202042147, vstest.console.dll, AssemblyResolver.OnResolve: Microsoft.Bcl.AsyncInterfaces: Resolved from cache.
TpTrace Verbose: 0 : 15352, 1, 2022/11/17, 11:05:46.331, 756202042319, vstest.console.dll, CurrentDomainAssemblyResolve: Resolving assembly 'Microsoft.Bcl.AsyncInterfaces'.
TpTrace Information: 0 : 15352, 1, 2022/11/17, 11:05:46.331, 756202042514, vstest.console.dll, AssemblyResolver.OnResolve: Microsoft.Bcl.AsyncInterfaces: Resolving assembly.
TpTrace Information: 0 : 15352, 1, 2022/11/17, 11:05:46.331, 756202042637, vstest.console.dll, AssemblyResolver.OnResolve: Microsoft.Bcl.AsyncInterfaces: Resolved from cache.
TpTrace Verbose: 0 : 15352, 1, 2022/11/17, 11:05:46.331, 756202042769, vstest.console.dll, CurrentDomainAssemblyResolve: Resolving assembly 'Microsoft.Bcl.AsyncInterfaces'.
TpTrace Verbose: 0 : 15352, 1, 2022/11/17, 11:05:46.331, 756202042886, vstest.console.dll, CurrentDomainAssemblyResolve: Failed to resolve assembly 'Microsoft.Bcl.AsyncInterfaces'.
TpTrace Verbose: 0 : 15352, 1, 2022/11/17, 11:05:46.331, 756202043731, vstest.console.dll, CurrentDomainAssemblyResolve: Failed to resolve assembly 'Microsoft.Bcl.AsyncInterfaces'.
TpTrace Warning: 0 : 15352, 1, 2022/11/17, 11:05:46.331, 756202045652, vstest.console.dll, TestPluginDiscoverer: Failed to get types from assembly 'Microsoft.Diagnostics.NETCore.Client, Version=0.2.5.801, Culture=neutral, PublicKeyToken=31bf3856ad364e35'.  Skipping test extension scan for this assembly.  Error: System.Reflection.ReflectionTypeLoadException: Unable to load one or more of the requested types.
Could not load file or assembly 'Microsoft.Bcl.AsyncInterfaces, Version=1.0.0.0, Culture=neutral, PublicKeyToken=cc7b13ffcd2ddd51'. The system cannot find the file specified.
   at System.Reflection.RuntimeModule.GetTypes(RuntimeModule module)
   at System.Reflection.Assembly.GetTypes()
   at Microsoft.VisualStudio.TestPlatform.Common.ExtensionFramework.TestPluginDiscoverer.GetTestExtensionsFromAssembly[TPluginInfo,TExtension](Assembly assembly, Dictionary`2 pluginInfos)
System.IO.FileNotFoundException: Could not load file or assembly 'Microsoft.Bcl.AsyncInterfaces, Version=1.0.0.0, Culture=neutral, PublicKeyToken=cc7b13ffcd2ddd51'. The system cannot find the file specified.
File name: 'Microsoft.Bcl.AsyncInterfaces, Version=1.0.0.0, Culture=neutral, PublicKeyToken=cc7b13ffcd2ddd51'
 ---> System.IO.FileNotFoundException: Could not load file or assembly 'Microsoft.Bcl.AsyncInterfaces, Culture=neutral, PublicKeyToken=null'. The system cannot find the file specified.
File name: 'Microsoft.Bcl.AsyncInterfaces, Culture=neutral, PublicKeyToken=null'
   at System.Reflection.RuntimeAssembly.InternalLoad(ObjectHandleOnStack assemblyName, ObjectHandleOnStack requestingAssembly, StackCrawlMarkHandle stackMark, Boolean throwOnFileNotFound, ObjectHandleOnStack assemblyLoadContext, ObjectHandleOnStack retAssembly)
   at System.Reflection.RuntimeAssembly.InternalLoad(AssemblyName assemblyName, RuntimeAssembly requestingAssembly, StackCrawlMark& stackMark, Boolean throwOnFileNotFound, AssemblyLoadContext assemblyLoadContext)
   at System.Reflection.Assembly.Load(AssemblyName assemblyRef)
   at Microsoft.VisualStudio.TestPlatform.Common.ExtensionFramework.TestPluginCache.CurrentDomainAssemblyResolve(Object sender, AssemblyResolveEventArgs args)
   at Microsoft.VisualStudio.TestPlatform.PlatformAbstractions.PlatformAssemblyResolver.AssemblyResolverEvent(Object sender, Object eventArgs)
   at System.Runtime.Loader.AssemblyLoadContext.GetFirstResolvedAssemblyFromResolvingEvent(AssemblyName assemblyName)
   at System.Runtime.Loader.AssemblyLoadContext.ResolveUsingEvent(AssemblyName assemblyName)
   at System.Runtime.Loader.AssemblyLoadContext.ResolveUsingResolvingEvent(IntPtr gchManagedAssemblyLoadContext, AssemblyName assemblyName)
TpTrace Warning: 0 : 15352, 1, 2022/11/17, 11:05:46.331, 756202046595, vstest.console.dll, LoaderExceptions: System.IO.FileNotFoundException: Could not load file or assembly 'Microsoft.Bcl.AsyncInterfaces, Version=1.0.0.0, Culture=neutral, PublicKeyToken=cc7b13ffcd2ddd51'. The system cannot find the file specified.
File name: 'Microsoft.Bcl.AsyncInterfaces, Version=1.0.0.0, Culture=neutral, PublicKeyToken=cc7b13ffcd2ddd51'
 ---> System.IO.FileNotFoundException: Could not load file or assembly 'Microsoft.Bcl.AsyncInterfaces, Culture=neutral, PublicKeyToken=null'. The system cannot find the file specified.
File name: 'Microsoft.Bcl.AsyncInterfaces, Culture=neutral, PublicKeyToken=null'
   at System.Reflection.RuntimeAssembly.InternalLoad(ObjectHandleOnStack assemblyName, ObjectHandleOnStack requestingAssembly, StackCrawlMarkHandle stackMark, Boolean throwOnFileNotFound, ObjectHandleOnStack assemblyLoadContext, ObjectHandleOnStack retAssembly)
   at System.Reflection.RuntimeAssembly.InternalLoad(AssemblyName assemblyName, RuntimeAssembly requestingAssembly, StackCrawlMark& stackMark, Boolean throwOnFileNotFound, AssemblyLoadContext assemblyLoadContext)
   at System.Reflection.Assembly.Load(AssemblyName assemblyRef)
   at Microsoft.VisualStudio.TestPlatform.Common.ExtensionFramework.TestPluginCache.CurrentDomainAssemblyResolve(Object sender, AssemblyResolveEventArgs args)
   at Microsoft.VisualStudio.TestPlatform.PlatformAbstractions.PlatformAssemblyResolver.AssemblyResolverEvent(Object sender, Object eventArgs)
   at System.Runtime.Loader.AssemblyLoadContext.GetFirstResolvedAssemblyFromResolvingEvent(AssemblyName assemblyName)
   at System.Runtime.Loader.AssemblyLoadContext.ResolveUsingEvent(AssemblyName assemblyName)
   at System.Runtime.Loader.AssemblyLoadContext.ResolveUsingResolvingEvent(IntPtr gchManagedAssemblyLoadContext, AssemblyName assemblyName)
TpTrace Verbose: 0 : 15352, 1, 2022/11/17, 11:05:46.331, 756202048619, vstest.console.dll, TestPluginCache: Discovered the extensions using extension path ''.
TpTrace Verbose: 0 : 15352, 1, 2022/11/17, 11:05:46.331, 756202048896, vstest.console.dll, TestPluginCache: Discoverers are ''.
TpTrace Verbose: 0 : 15352, 1, 2022/11/17, 11:05:46.331, 756202049014, vstest.console.dll, TestPluginCache: Executors are ''.
TpTrace Verbose: 0 : 15352, 1, 2022/11/17, 11:05:46.331, 756202049126, vstest.console.dll, TestPluginCache: Executors2 are ''.
TpTrace Verbose: 0 : 15352, 1, 2022/11/17, 11:05:46.331, 756202049235, vstest.console.dll, TestPluginCache: Setting providers are ''.
TpTrace Verbose: 0 : 15352, 1, 2022/11/17, 11:05:46.331, 756202049584, vstest.console.dll, TestPluginCache: Loggers are 'logger://Microsoft/TestPlatform/Extensions/Blame/v1,logger://Microsoft/TestPlatform/HtmlLogger/v1,logger://Microsoft/TestPlatform/TrxLogger/v1'.
TpTrace Information: 0 : 15352, 1, 2022/11/17, 11:05:46.332, 756202053187, vstest.console.dll, TestPluginManager.CreateTestExtension: Attempting to load test extension: Microsoft.TestPlatform.Extensions.BlameDataCollector.BlameLogger
TpTrace Information: 0 : 15352, 1, 2022/11/17, 11:05:46.336, 756202098421, vstest.console.dll, TestPluginManager.CreateTestExtension: Attempting to load test extension: Microsoft.VisualStudio.TestPlatform.CrossPlatEngine.Hosting.DefaultTestHostManager
TpTrace Information: 0 : 15352, 1, 2022/11/17, 11:05:46.337, 756202105538, vstest.console.dll, TestPluginManager.CreateTestExtension: Attempting to load test extension: Microsoft.VisualStudio.TestPlatform.CrossPlatEngine.Hosting.DotnetTestHostManager
TpTrace Verbose: 0 : 15352, 1, 2022/11/17, 11:05:46.338, 756202111129, vstest.console.dll, TestEngine: Initializing Parallel Execution as MaxCpuCount is set to: 1
TpTrace Information: 0 : 15352, 1, 2022/11/17, 11:05:46.338, 756202115005, vstest.console.dll, InferRunSettingsHelper.IsTestSettingsEnabled: Unable to navigate to RunSettings/MSTest. Current node: RunSettings
TpTrace Verbose: 0 : 15352, 1, 2022/11/17, 11:05:46.347, 756202207953, vstest.console.dll, TestRequestSender is acting as server
TpTrace Verbose: 0 : 15352, 5, 2022/11/17, 11:05:46.350, 756202237548, vstest.console.dll, DataCollectionRequestSender.InitializeCommunication : Initialize communication. 
TpTrace Information: 0 : 15352, 5, 2022/11/17, 11:05:46.354, 756202280613, vstest.console.dll, Listening on Endpoint : 127.0.0.1:51621
TpTrace Verbose: 0 : 15352, 5, 2022/11/17, 11:05:46.361, 756202345537, vstest.console.dll, DotnetDataCollectionLauncher: Full path of dotnet.exe is C:\Program Files\dotnet\dotnet.exe
TpTrace Verbose: 0 : 15352, 5, 2022/11/17, 11:05:46.361, 756202346509, vstest.console.dll, DotnetDataCollectionLauncher: Adding  --runtimeconfig "C:\Program Files\dotnet\sdk\6.0.203\datacollector.runtimeconfig.json" in args
TpTrace Verbose: 0 : 15352, 5, 2022/11/17, 11:05:46.361, 756202346874, vstest.console.dll, DotnetDataCollectionLauncher: Adding  --depsfile "C:\Program Files\dotnet\sdk\6.0.203\datacollector.deps.json" in args
TpTrace Information: 0 : 15352, 5, 2022/11/17, 11:05:46.367, 756202409635, vstest.console.dll, ProxyDataCollectionManager.Initialize: Launched datacollector processId: 35744 port: 51621
TpTrace Information: 0 : 15352, 5, 2022/11/17, 11:05:46.368, 756202411303, vstest.console.dll, ProxyDataCollectionManager.Initialize: waiting for connection with timeout: 90 seconds
TpTrace Verbose: 0 : 15352, 5, 2022/11/17, 11:05:46.368, 756202411610, vstest.console.dll, DataCollectionRequestSender.WaitForRequestHandlerConnection : Waiting for connection with timeout: 90000
TpTrace Information: 0 : 15352, 8, 2022/11/17, 11:05:46.460, 756203338275, vstest.console.dll, Using the buffer size of 16384 bytes
TpTrace Information: 0 : 15352, 8, 2022/11/17, 11:05:46.460, 756203339972, vstest.console.dll, Accepted Client request and set the flag
TpTrace Verbose: 0 : 15352, 5, 2022/11/17, 11:05:46.460, 756203340266, vstest.console.dll, ProxyDataCollectionManager.InvokeDataCollectionServiceAction: Starting.
TpTrace Information: 0 : 15352, 5, 2022/11/17, 11:05:46.461, 756203341364, vstest.console.dll, ProxyDataCollectionManager.BeforeTestRunStart: Get environment variable and port for datacollector processId: 35744 port: 51621
TpTrace Verbose: 0 : 15352, 5, 2022/11/17, 11:05:46.461, 756203343015, vstest.console.dll, DataCollectionRequestSender.SendBeforeTestRunStartAndGetResult : Send BeforeTestRunStart message with settingsXml <RunSettings><RunConfiguration><ResultsDirectory>C:\Development\PersonalProjects\Cambium\MarsRover.Tests\bin\Debug\net6.0\fine-code-coverage\coverage-tool-output</ResultsDirectory><TargetPlatform>X64</TargetPlatform><TargetFrameworkVersion>.NETCoreApp,Version=v6.0</TargetFrameworkVersion><DesignMode>False</DesignMode><CollectSourceInformation>False</CollectSourceInformation><TestAdaptersPaths>C:\Program Files\dotnet\sdk\6.0.203\Extensions</TestAdaptersPaths></RunConfiguration><LoggerRunSettings><Loggers><Logger friendlyName="blame" enabled="True" /><Logger friendlyName="Console" uri="logger://microsoft/TestPlatform/ConsoleLogger/v1" assemblyQualifiedName="Microsoft.VisualStudio.TestPlatform.CommandLine.Internal.ConsoleLogger, vstest.console, Version=15.0.0.0, Culture=neutral, PublicKeyToken=b03f5f7f11d50a3a" codeBase="C:\Program Files\dotnet\sdk\6.0.203\vstest.console.dll" enabled="True" /></Loggers></LoggerRunSettings><DataCollectionRunSettings><DataCollectors><DataCollector friendlyName="blame" enabled="True"><Configuration><ResultsDirectory>C:\Development\PersonalProjects\Cambium\MarsRover.Tests\bin\Debug\net6.0\fine-code-coverage\coverage-tool-output</ResultsDirectory></Configuration></DataCollector></DataCollectors></DataCollectionRunSettings></RunSettings> and sources System.Linq.Enumerable+Concat2Iterator`1[System.String]: 
TpTrace Verbose: 0 : 15352, 5, 2022/11/17, 11:05:46.510, 756203838129, vstest.console.dll, DataCollectionRequestSender.SendBeforeTestRunStartAndGetResult : Received message: (DataCollection.SendMessage) -> {
  "FriendlyName": null,
  "Uri": null,
  "TestCaseId": "00000000-0000-0000-0000-000000000000",
  "Message": "Logging DataCollector Diagnostics in file: C:\\Development\\PersonalProjects\\Cambium\\MarsRover.Tests\\bin\\Debug\\net6.0\\fine-code-coverage\\coverage-tool-output\\diagnostics.datacollector.22-11-17_11-05-46_35912_5.log",
  "Level": 0
}
TpTrace Verbose: 0 : 15352, 5, 2022/11/17, 11:05:46.566, 756204394415, vstest.console.dll, DataCollectionRequestSender.SendBeforeTestRunStartAndGetResult : Received message: (DataCollection.BeforeTestRunStartResult) -> {
  "EnvironmentVariables": {},
  "DataCollectionEventsPort": 51623
}
TpTrace Information: 0 : 15352, 5, 2022/11/17, 11:05:46.570, 756204432845, vstest.console.dll, ProxyDataCollectionManager.BeforeTestRunStart: SendBeforeTestRunStartAndGetResult successful, env variable from datacollector:   and testhost port: 51623
TpTrace Information: 0 : 15352, 5, 2022/11/17, 11:05:46.570, 756204433753, vstest.console.dll, ProxyDataCollectionManager.InvokeDataCollectionServiceAction: Completed.
TpTrace Verbose: 0 : 15352, 1, 2022/11/17, 11:05:46.570, 756204435177, vstest.console.dll, TestRunRequest.ExecuteAsync: Creating test run request.
TpTrace Verbose: 0 : 15352, 1, 2022/11/17, 11:05:46.570, 756204437207, vstest.console.dll, TestRunRequest.ExecuteAsync: Starting.
TpTrace Information: 0 : 15352, 1, 2022/11/17, 11:05:46.570, 756204439199, vstest.console.dll, TestRunRequest.ExecuteAsync: Starting run with settings:TestRunCriteria:
   KeepAlive=False,FrequencyOfRunStatsChangeEvent=10,RunStatsChangeEventTimeout=00:00:01.5000000,TestCaseFilter=,TestExecutorLauncher=
   Settingsxml=<RunSettings>
  <RunConfiguration>
    <ResultsDirectory>C:\Development\PersonalProjects\Cambium\MarsRover.Tests\bin\Debug\net6.0\fine-code-coverage\coverage-tool-output</ResultsDirectory>
    <TargetPlatform>X64</TargetPlatform>
    <TargetFrameworkVersion>.NETCoreApp,Version=v6.0</TargetFrameworkVersion>
    <DesignMode>False</DesignMode>
    <CollectSourceInformation>False</CollectSourceInformation>
  </RunConfiguration>
  <LoggerRunSettings>
    <Loggers>
      <Logger friendlyName="blame" enabled="True" />
      <Logger friendlyName="Console" uri="logger://microsoft/TestPlatform/ConsoleLogger/v1" assemblyQualifiedName="Microsoft.VisualStudio.TestPlatform.CommandLine.Internal.ConsoleLogger, vstest.console, Version=15.0.0.0, Culture=neutral, PublicKeyToken=b03f5f7f11d50a3a" codeBase="C:\Program Files\dotnet\sdk\6.0.203\vstest.console.dll" enabled="True" />
    </Loggers>
  </LoggerRunSettings>
  <DataCollectionRunSettings>
    <DataCollectors>
      <DataCollector friendlyName="blame" enabled="True">
        <Configuration>
          <ResultsDirectory>C:\Development\PersonalProjects\Cambium\MarsRover.Tests\bin\Debug\net6.0\fine-code-coverage\coverage-tool-output</ResultsDirectory>
        </Configuration>
      </DataCollector>
    </DataCollectors>
  </DataCollectionRunSettings>
</RunSettings>

TpTrace Verbose: 0 : 15352, 1, 2022/11/17, 11:05:46.570, 756204439517, vstest.console.dll, TestRunRequest.ExecuteAsync: Wait for the first run request is over.
TpTrace Verbose: 0 : 15352, 1, 2022/11/17, 11:05:46.571, 756204442393, vstest.console.dll, ParallelProxyExecutionManager: Start execution. Total sources: 1
TpTrace Information: 0 : 15352, 1, 2022/11/17, 11:05:46.571, 756204446153, vstest.console.dll, ProxyParallelExecutionManager: Triggering test run for next source: C:\Development\PersonalProjects\Cambium\MarsRover.Tests\bin\Debug\net6.0\fine-code-coverage\build-output\MarsRover.Tests.dll
TpTrace Verbose: 0 : 15352, 5, 2022/11/17, 11:05:46.571, 756204448760, vstest.console.dll, ParallelProxyExecutionManager: Execution started. Started clients: 1
TpTrace Verbose: 0 : 15352, 1, 2022/11/17, 11:05:46.571, 756204448985, vstest.console.dll, ProxyParallelExecutionManager: No sources available for execution.
TpTrace Information: 0 : 15352, 1, 2022/11/17, 11:05:46.572, 756204451023, vstest.console.dll, TestRunRequest.ExecuteAsync: Started.
TpTrace Verbose: 0 : 15352, 1, 2022/11/17, 11:05:46.572, 756204451497, vstest.console.dll, TestRunRequest.WaitForCompletion: Waiting with timeout -1.
TpTrace Verbose: 0 : 15352, 5, 2022/11/17, 11:05:46.572, 756204452779, vstest.console.dll, TestRunRequest:SendTestRunMessage: Starting.
TpTrace Information: 0 : 15352, 5, 2022/11/17, 11:05:46.572, 756204453568, vstest.console.dll, TestRunRequest:SendTestRunMessage: Completed.
TpTrace Verbose: 0 : 15352, 5, 2022/11/17, 11:05:46.572, 756204455224, vstest.console.dll, ProxyExecutionManager: Test host is always Lazy initialize.
TpTrace Verbose: 0 : 15352, 5, 2022/11/17, 11:05:46.572, 756204456423, vstest.console.dll, TestRequestSender.InitializeCommunication: initialize communication. 
TpTrace Information: 0 : 15352, 5, 2022/11/17, 11:05:46.572, 756204459399, vstest.console.dll, SocketServer.Start: Listening on endpoint : 127.0.0.1:51624
TpTrace Verbose: 0 : 15352, 5, 2022/11/17, 11:05:46.573, 756204464113, vstest.console.dll, DotnetTestHostmanager.GetTestHostProcessStartInfo: Platform environment 'X64' target architecture 'X64' framework '.NETCoreApp,Version=v6.0' OS 'Windows'
TpTrace Verbose: 0 : 15352, 5, 2022/11/17, 11:05:46.573, 756204465330, vstest.console.dll, DotnetTestHostmanager: Adding  --runtimeconfig "C:\Development\PersonalProjects\Cambium\MarsRover.Tests\bin\Debug\net6.0\fine-code-coverage\build-output\MarsRover.Tests.runtimeconfig.json" in args
TpTrace Verbose: 0 : 15352, 5, 2022/11/17, 11:05:46.573, 756204465811, vstest.console.dll, DotnetTestHostmanager: Adding  --depsfile "C:\Development\PersonalProjects\Cambium\MarsRover.Tests\bin\Debug\net6.0\fine-code-coverage\build-output\MarsRover.Tests.deps.json" in args
TpTrace Verbose: 0 : 15352, 5, 2022/11/17, 11:05:46.574, 756204477222, vstest.console.dll, DotnetTestHostmanager.IsWinOnArm: Current PROCESSOR_ARCHITECTURE from registry 'AMD64'
TpTrace Verbose: 0 : 15352, 5, 2022/11/17, 11:05:46.574, 756204477960, vstest.console.dll, DotnetTestHostmanager.IsWinOnArm: Is Windows on ARM 'False'
TpTrace Verbose: 0 : 15352, 5, 2022/11/17, 11:05:46.574, 756204478519, vstest.console.dll, DotnetTestHostManager: testhost.exe found at path: C:\Development\PersonalProjects\Cambium\MarsRover.Tests\bin\Debug\net6.0\fine-code-coverage\build-output\testhost.exe
TpTrace Verbose: 0 : 15352, 5, 2022/11/17, 11:05:46.574, 756204478747, vstest.console.dll, DotnetTestHostmanager: Full path of host exe is C:\Development\PersonalProjects\Cambium\MarsRover.Tests\bin\Debug\net6.0\fine-code-coverage\build-output\testhost.exe
TpTrace Verbose: 0 : 15352, 5, 2022/11/17, 11:05:46.574, 756204479540, vstest.console.dll, DotnetTestHostmanager.LaunchTestHostAsync: Found 'VSTEST_WINAPPHOST_DOTNET_ROOT' in env variables, value 'C:\Program Files\dotnet'
TpTrace Verbose: 0 : 15352, 7, 2022/11/17, 11:05:46.575, 756204485244, vstest.console.dll, DotnetTestHostManager: Starting process 'C:\Development\PersonalProjects\Cambium\MarsRover.Tests\bin\Debug\net6.0\fine-code-coverage\build-output\testhost.exe' with command line ' --runtimeconfig "C:\Development\PersonalProjects\Cambium\MarsRover.Tests\bin\Debug\net6.0\fine-code-coverage\build-output\MarsRover.Tests.runtimeconfig.json" --depsfile "C:\Development\PersonalProjects\Cambium\MarsRover.Tests\bin\Debug\net6.0\fine-code-coverage\build-output\MarsRover.Tests.deps.json" --port 51624 --endpoint 127.0.0.1:051624 --role client --parentprocessid 15352 --diag "C:\Development\PersonalProjects\Cambium\MarsRover.Tests\bin\Debug\net6.0\fine-code-coverage\coverage-tool-output\diagnostics.host.22-11-17_11-05-46_57311_5.log" --tracelevel 4 --datacollectionport 51623 --telemetryoptedin false'
TpTrace Verbose: 0 : 15352, 7, 2022/11/17, 11:05:46.580, 756204530597, vstest.console.dll, Test Runtime launched
TpTrace Verbose: 0 : 15352, 5, 2022/11/17, 11:05:46.580, 756204534708, vstest.console.dll, TestRequestSender.WaitForRequestHandlerConnection: waiting for connection with timeout: 90000
TpTrace Verbose: 0 : 15352, 7, 2022/11/17, 11:05:46.697, 756205702695, vstest.console.dll, SocketServer.OnClientConnected: Client connected for endPoint: 127.0.0.1:51624, starting MessageLoopAsync:
TpTrace Verbose: 0 : 15352, 7, 2022/11/17, 11:05:46.697, 756205704605, vstest.console.dll, TcpClientExtensions.MessageLoopAsync: Polling on remoteEndPoint: 127.0.0.1:51625 localEndPoint: 127.0.0.1:51624
TpTrace Verbose: 0 : 15352, 5, 2022/11/17, 11:05:46.698, 756205711224, vstest.console.dll, TestRequestSender.CheckVersionWithTestHost: Sending check version message: {"MessageType":"ProtocolVersion","Payload":5}
TpTrace Verbose: 0 : 15352, 7, 2022/11/17, 11:05:46.790, 756206634855, vstest.console.dll, TcpClientExtensions.MessageLoopAsync: NotifyDataAvailable remoteEndPoint: 127.0.0.1:51625 localEndPoint: 127.0.0.1:51624
TpTrace Verbose: 0 : 15352, 7, 2022/11/17, 11:05:46.790, 756206637130, vstest.console.dll, TestRequestSender.CheckVersionWithTestHost: onMessageReceived received message: (ProtocolVersion) -> 5
TpTrace Verbose: 0 : 15352, 7, 2022/11/17, 11:05:46.790, 756206639890, vstest.console.dll, TcpClientExtensions.MessageLoopAsync: Polling on remoteEndPoint: 127.0.0.1:51625 localEndPoint: 127.0.0.1:51624
TpTrace Verbose: 0 : 15352, 5, 2022/11/17, 11:05:46.791, 756206641602, vstest.console.dll, TestPluginCache.GetExtensionPaths: Filtered extension paths: 
TpTrace Verbose: 0 : 15352, 5, 2022/11/17, 11:05:46.791, 756206642153, vstest.console.dll, TestPluginCache.GetExtensionPaths: Added default extension paths: C:\Program Files\dotnet\sdk\6.0.203\Extensions\DumpMinitool.exe
C:\Program Files\dotnet\sdk\6.0.203\Extensions\DumpMinitool.x86.exe
C:\Program Files\dotnet\sdk\6.0.203\Extensions\Microsoft.Diagnostics.NETCore.Client.dll
C:\Program Files\dotnet\sdk\6.0.203\Extensions\Microsoft.TestPlatform.Extensions.BlameDataCollector.dll
C:\Program Files\dotnet\sdk\6.0.203\Extensions\Microsoft.TestPlatform.Extensions.EventLogCollector.dll
C:\Program Files\dotnet\sdk\6.0.203\Extensions\Microsoft.TestPlatform.TestHostRuntimeProvider.dll
C:\Program Files\dotnet\sdk\6.0.203\Extensions\Microsoft.VisualStudio.TestPlatform.Extensions.Html.TestLogger.dll
C:\Program Files\dotnet\sdk\6.0.203\Extensions\Microsoft.VisualStudio.TestPlatform.Extensions.Trx.TestLogger.dll
TpTrace Verbose: 0 : 15352, 5, 2022/11/17, 11:05:46.791, 756206642432, vstest.console.dll, TestPluginCache.GetExtensionPaths: Added unfilterableExtensionPaths: 
TpTrace Verbose: 0 : 15352, 5, 2022/11/17, 11:05:46.793, 756206668745, vstest.console.dll, TestRequestSender.InitializeExecution: Sending initialize execution with message: {"Version":5,"MessageType":"TestExecution.Initialize","Payload":["C:\\Development\\PersonalProjects\\Cambium\\MarsRover.Tests\\bin\\Debug\\net6.0\\fine-code-coverage\\build-output\\xunit.runner.visualstudio.dotnetcore.testadapter.dll"]}
TpTrace Warning: 0 : 15352, 5, 2022/11/17, 11:05:46.794, 756206672728, vstest.console.dll, InferRunSettingsHelper.MakeRunsettingsCompatible: Removing the following settings: TargetPlatform from RunSettings file. To use those settings please move to latest version of Microsoft.NET.Test.Sdk
TpTrace Verbose: 0 : 15352, 7, 2022/11/17, 11:05:46.796, 756206699838, vstest.console.dll, TcpClientExtensions.MessageLoopAsync: NotifyDataAvailable remoteEndPoint: 127.0.0.1:51625 localEndPoint: 127.0.0.1:51624
TpTrace Verbose: 0 : 15352, 7, 2022/11/17, 11:05:46.797, 756206701131, vstest.console.dll, TestRequestSender.OnExecutionMessageReceived: Received message: {"Version":5,"MessageType":"TestSession.Message","Payload":{"MessageLevel":0,"Message":"Logging TestHost Diagnostics in file: C:\\Development\\PersonalProjects\\Cambium\\MarsRover.Tests\\bin\\Debug\\net6.0\\fine-code-coverage\\coverage-tool-output\\diagnostics.host.22-11-17_11-05-46_57311_5.log"}}
TpTrace Verbose: 0 : 15352, 7, 2022/11/17, 11:05:46.798, 756206715447, vstest.console.dll, TestRunRequest:SendTestRunMessage: Starting.
TpTrace Information: 0 : 15352, 7, 2022/11/17, 11:05:46.798, 756206716052, vstest.console.dll, TestRunRequest:SendTestRunMessage: Completed.
TpTrace Verbose: 0 : 15352, 7, 2022/11/17, 11:05:46.798, 756206716275, vstest.console.dll, TcpClientExtensions.MessageLoopAsync: Polling on remoteEndPoint: 127.0.0.1:51625 localEndPoint: 127.0.0.1:51624
TpTrace Verbose: 0 : 15352, 5, 2022/11/17, 11:05:46.799, 756206723413, vstest.console.dll, TestRequestSender.StartTestRun: Sending test run with message: {"Version":5,"MessageType":"TestExecution.StartWithSources","Payload":{"AdapterSourceMap":{"_none_":["C:\\Development\\PersonalProjects\\Cambium\\MarsRover.Tests\\bin\\Debug\\net6.0\\fine-code-coverage\\build-output\\MarsRover.Tests.dll"]},"RunSettings":"<RunSettings>\r\n  <RunConfiguration>\r\n    <ResultsDirectory>C:\\Development\\PersonalProjects\\Cambium\\MarsRover.Tests\\bin\\Debug\\net6.0\\fine-code-coverage\\coverage-tool-output</ResultsDirectory>\r\n    <TargetFrameworkVersion>.NETCoreApp,Version=v6.0</TargetFrameworkVersion>\r\n    <DesignMode>False</DesignMode>\r\n    <CollectSourceInformation>False</CollectSourceInformation>\r\n  </RunConfiguration>\r\n  <LoggerRunSettings>\r\n    <Loggers>\r\n      <Logger friendlyName=\"blame\" enabled=\"True\" />\r\n      <Logger friendlyName=\"Console\" uri=\"logger://microsoft/TestPlatform/ConsoleLogger/v1\" assemblyQualifiedName=\"Microsoft.VisualStudio.TestPlatform.CommandLine.Internal.ConsoleLogger, vstest.console, Version=15.0.0.0, Culture=neutral, PublicKeyToken=b03f5f7f11d50a3a\" codeBase=\"C:\\Program Files\\dotnet\\sdk\\6.0.203\\vstest.console.dll\" enabled=\"True\" />\r\n    </Loggers>\r\n  </LoggerRunSettings>\r\n  <DataCollectionRunSettings>\r\n    <DataCollectors>\r\n      <DataCollector friendlyName=\"blame\" enabled=\"True\">\r\n        <Configuration>\r\n          <ResultsDirectory>C:\\Development\\PersonalProjects\\Cambium\\MarsRover.Tests\\bin\\Debug\\net6.0\\fine-code-coverage\\coverage-tool-output</ResultsDirectory>\r\n        </Configuration>\r\n      </DataCollector>\r\n    </DataCollectors>\r\n  </DataCollectionRunSettings>\r\n</RunSettings>","TestExecutionContext":{"FrequencyOfRunStatsChangeEvent":10,"RunStatsChangeEventTimeout":"00:00:01.5000000","InIsolation":false,"KeepAlive":false,"AreTestCaseLevelEventsRequired":false,"IsDebug":false,"TestCaseFilter":null,"FilterOptions":null},"Package":null}}
TpTrace Verbose: 0 : 15352, 7, 2022/11/17, 11:05:46.910, 756207837109, vstest.console.dll, TcpClientExtensions.MessageLoopAsync: NotifyDataAvailable remoteEndPoint: 127.0.0.1:51625 localEndPoint: 127.0.0.1:51624
TpTrace Verbose: 0 : 15352, 7, 2022/11/17, 11:05:46.910, 756207839144, vstest.console.dll, TestRequestSender.OnExecutionMessageReceived: Received message: {"Version":5,"MessageType":"TestSession.Message","Payload":{"MessageLevel":0,"Message":"[xUnit.net 00:00:00.00] xUnit.net VSTest Adapter v2.4.3+1b45f5407b (64-bit .NET 6.0.11)"}}
TpTrace Verbose: 0 : 15352, 7, 2022/11/17, 11:05:46.911, 756207843329, vstest.console.dll, TestRunRequest:SendTestRunMessage: Starting.
TpTrace Information: 0 : 15352, 7, 2022/11/17, 11:05:46.911, 756207843778, vstest.console.dll, TestRunRequest:SendTestRunMessage: Completed.
TpTrace Verbose: 0 : 15352, 7, 2022/11/17, 11:05:46.911, 756207843989, vstest.console.dll, TcpClientExtensions.MessageLoopAsync: Polling on remoteEndPoint: 127.0.0.1:51625 localEndPoint: 127.0.0.1:51624
TpTrace Verbose: 0 : 15352, 7, 2022/11/17, 11:05:47.922, 756217956251, vstest.console.dll, TcpClientExtensions.MessageLoopAsync: Polling on remoteEndPoint: 127.0.0.1:51625 localEndPoint: 127.0.0.1:51624
TpTrace Verbose: 0 : 15352, 7, 2022/11/17, 11:05:47.967, 756218408713, vstest.console.dll, TcpClientExtensions.MessageLoopAsync: NotifyDataAvailable remoteEndPoint: 127.0.0.1:51625 localEndPoint: 127.0.0.1:51624
TpTrace Verbose: 0 : 15352, 7, 2022/11/17, 11:05:47.967, 756218410638, vstest.console.dll, TestRequestSender.OnExecutionMessageReceived: Received message: {"Version":5,"MessageType":"TestSession.Message","Payload":{"MessageLevel":0,"Message":"[xUnit.net 00:00:01.06]   Discovering: MarsRover.Tests"}}
TpTrace Verbose: 0 : 15352, 7, 2022/11/17, 11:05:47.968, 756218415901, vstest.console.dll, TestRunRequest:SendTestRunMessage: Starting.
TpTrace Information: 0 : 15352, 7, 2022/11/17, 11:05:47.968, 756218416613, vstest.console.dll, TestRunRequest:SendTestRunMessage: Completed.
TpTrace Verbose: 0 : 15352, 7, 2022/11/17, 11:05:47.968, 756218417062, vstest.console.dll, TcpClientExtensions.MessageLoopAsync: Polling on remoteEndPoint: 127.0.0.1:51625 localEndPoint: 127.0.0.1:51624
TpTrace Verbose: 0 : 15352, 7, 2022/11/17, 11:05:47.995, 756218682641, vstest.console.dll, TcpClientExtensions.MessageLoopAsync: NotifyDataAvailable remoteEndPoint: 127.0.0.1:51625 localEndPoint: 127.0.0.1:51624
TpTrace Verbose: 0 : 15352, 7, 2022/11/17, 11:05:47.995, 756218683774, vstest.console.dll, TestRequestSender.OnExecutionMessageReceived: Received message: {"Version":5,"MessageType":"TestSession.Message","Payload":{"MessageLevel":0,"Message":"[xUnit.net 00:00:01.09]   Discovered:  MarsRover.Tests"}}
TpTrace Verbose: 0 : 15352, 7, 2022/11/17, 11:05:47.995, 756218685557, vstest.console.dll, TestRunRequest:SendTestRunMessage: Starting.
TpTrace Information: 0 : 15352, 7, 2022/11/17, 11:05:47.995, 756218685977, vstest.console.dll, TestRunRequest:SendTestRunMessage: Completed.
TpTrace Verbose: 0 : 15352, 7, 2022/11/17, 11:05:47.995, 756218686282, vstest.console.dll, TcpClientExtensions.MessageLoopAsync: Polling on remoteEndPoint: 127.0.0.1:51625 localEndPoint: 127.0.0.1:51624
TpTrace Verbose: 0 : 15352, 7, 2022/11/17, 11:05:47.996, 756218697323, vstest.console.dll, TcpClientExtensions.MessageLoopAsync: NotifyDataAvailable remoteEndPoint: 127.0.0.1:51625 localEndPoint: 127.0.0.1:51624
TpTrace Verbose: 0 : 15352, 7, 2022/11/17, 11:05:47.996, 756218698065, vstest.console.dll, TestRequestSender.OnExecutionMessageReceived: Received message: {"Version":5,"MessageType":"TestSession.Message","Payload":{"MessageLevel":0,"Message":"[xUnit.net 00:00:01.09]   Starting:    MarsRover.Tests"}}
TpTrace Verbose: 0 : 15352, 7, 2022/11/17, 11:05:47.996, 756218699729, vstest.console.dll, TestRunRequest:SendTestRunMessage: Starting.
TpTrace Information: 0 : 15352, 7, 2022/11/17, 11:05:47.996, 756218700171, vstest.console.dll, TestRunRequest:SendTestRunMessage: Completed.
TpTrace Verbose: 0 : 15352, 7, 2022/11/17, 11:05:47.997, 756218700563, vstest.console.dll, TcpClientExtensions.MessageLoopAsync: Polling on remoteEndPoint: 127.0.0.1:51625 localEndPoint: 127.0.0.1:51624
TpTrace Verbose: 0 : 15352, 7, 2022/11/17, 11:05:48.083, 756219561573, vstest.console.dll, TcpClientExtensions.MessageLoopAsync: NotifyDataAvailable remoteEndPoint: 127.0.0.1:51625 localEndPoint: 127.0.0.1:51624
TpTrace Verbose: 0 : 15352, 7, 2022/11/17, 11:05:48.083, 756219563237, vstest.console.dll, TestRequestSender.OnExecutionMessageReceived: Received message: {"Version":5,"MessageType":"TestSession.Message","Payload":{"MessageLevel":0,"Message":"[xUnit.net 00:00:01.17]   Finished:    MarsRover.Tests"}}
TpTrace Verbose: 0 : 15352, 7, 2022/11/17, 11:05:48.083, 756219567407, vstest.console.dll, TestRunRequest:SendTestRunMessage: Starting.
TpTrace Information: 0 : 15352, 7, 2022/11/17, 11:05:48.083, 756219568619, vstest.console.dll, TestRunRequest:SendTestRunMessage: Completed.
TpTrace Verbose: 0 : 15352, 7, 2022/11/17, 11:05:48.083, 756219569449, vstest.console.dll, TcpClientExtensions.MessageLoopAsync: Polling on remoteEndPoint: 127.0.0.1:51625 localEndPoint: 127.0.0.1:51624
TpTrace Verbose: 0 : 15352, 7, 2022/11/17, 11:05:48.118, 756219915361, vstest.console.dll, TcpClientExtensions.MessageLoopAsync: NotifyDataAvailable remoteEndPoint: 127.0.0.1:51625 localEndPoint: 127.0.0.1:51624
TpTrace Verbose: 0 : 15352, 7, 2022/11/17, 11:05:48.118, 756219918370, vstest.console.dll, TestRequestSender.OnExecutionMessageReceived: Received message: {"Version":5,"MessageType":"TestExecution.Completed","Payload":{"TestRunCompleteArgs":{"TestRunStatistics":{"ExecutedTests":9,"Stats":{"Passed":9}},"IsCanceled":false,"IsAborted":false,"Error":null,"AttachmentSets":[],"ElapsedTimeInRunningTests":"00:00:01.1860292","Metrics":{}},"LastRunTests":{"NewTestResults":[{"TestCase":{"Id":"24960b40-44e7-87ee-2d9b-63854dcc544d","FullyQualifiedName":"MarsRover.Tests.Service.MarsRoverInstructionParserTests+GivenARequestToParseInstructions.WhenThereIsAStartingPosition_ThenFirstMoveIsStartingPosition","DisplayName":"MarsRover.Tests.Service.MarsRoverInstructionParserTests+GivenARequestToParseInstructions.WhenThereIsAStartingPosition_ThenFirstMoveIsStartingPosition","ExecutorUri":"executor://xunit/VsTestRunner2/netcoreapp","Source":"C:\\Development\\PersonalProjects\\Cambium\\MarsRover.Tests\\bin\\Debug\\net6.0\\fine-code-coverage\\build-output\\MarsRover.Tests.dll","CodeFilePath":null,"LineNumber":0,"Properties":[]},"Attachments":[],"Outcome":1,"ErrorMessage":null,"ErrorStackTrace":null,"DisplayName":"MarsRover.Tests.Service.MarsRoverInstructionParserTests+GivenARequestToParseInstructions.WhenThereIsAStartingPosition_ThenFirstMoveIsStartingPosition","Messages":[],"ComputerName":"DESKTOP-NTKJEIF","Duration":"00:00:00.0075312","StartTime":"2022-11-17T11:05:48.0568853+00:00","EndTime":"2022-11-17T11:05:48.0568983+00:00","Properties":[]},{"TestCase":{"Id":"e0878715-a181-f407-fa44-4d3c16cdda5f","FullyQualifiedName":"MarsRover.Tests.Service.MarsRoverInstructionParserTests+GivenARequestToParseInstructions.WhenTheInstructionIsMove_ThenPositionChangesAndDirectionRemainsSame","DisplayName":"MarsRover.Tests.Service.MarsRoverInstructionParserTests+GivenARequestToParseInstructions.WhenTheInstructionIsMove_ThenPositionChangesAndDirectionRemainsSame","ExecutorUri":"executor://xunit/VsTestRunner2/netcoreapp","Source":"C:\\Development\\PersonalProjects\\Cambium\\MarsRover.Tests\\bin\\Debug\\net6.0\\fine-code-coverage\\build-output\\MarsRover.Tests.dll","CodeFilePath":null,"LineNumber":0,"Properties":[]},"Attachments":[],"Outcome":1,"ErrorMessage":null,"ErrorStackTrace":null,"DisplayName":"MarsRover.Tests.Service.MarsRoverInstructionParserTests+GivenARequestToParseInstructions.WhenTheInstructionIsMove_ThenPositionChangesAndDirectionRemainsSame","Messages":[],"ComputerName":"DESKTOP-NTKJEIF","Duration":"00:00:00.0005779","StartTime":"2022-11-17T11:05:48.0717574+00:00","EndTime":"2022-11-17T11:05:48.0717576+00:00","Properties":[]},{"TestCase":{"Id":"99863862-9693-f0c5-6716-d2e64c8a660f","FullyQualifiedName":"MarsRover.Tests.Service.MarsRoverInstructionParserTests+GivenARequestToParseInstructions.WhenTheInstructionsAreEmpty_ThenIExpectAnEmptyResult","DisplayName":"MarsRover.Tests.Service.MarsRoverInstructionParserTests+GivenARequestToParseInstructions.WhenTheInstructionsAreEmpty_ThenIExpectAnEmptyResult","ExecutorUri":"executor://xunit/VsTestRunner2/netcoreapp","Source":"C:\\Development\\PersonalProjects\\Cambium\\MarsRover.Tests\\bin\\Debug\\net6.0\\fine-code-coverage\\build-output\\MarsRover.Tests.dll","CodeFilePath":null,"LineNumber":0,"Properties":[]},"Attachments":[],"Outcome":1,"ErrorMessage":null,"ErrorStackTrace":null,"DisplayName":"MarsRover.Tests.Service.MarsRoverInstructionParserTests+GivenARequestToParseInstructions.WhenTheInstructionsAreEmpty_ThenIExpectAnEmptyResult","Messages":[],"ComputerName":"DESKTOP-NTKJEIF","Duration":"00:00:00.0001477","StartTime":"2022-11-17T11:05:48.0732432+00:00","EndTime":"2022-11-17T11:05:48.0732433+00:00","Properties":[]},{"TestCase":{"Id":"e7efeb40-8c93-c5fc-67b4-e052c7936464","FullyQualifiedName":"MarsRover.Tests.Service.MarsRoverInstructionParserTests+GivenARequestToParseInstructions.WhenTheInstructionIsRight_ThenOnlyDirectionChanges","DisplayName":"MarsRover.Tests.Service.MarsRoverInstructionParserTests+GivenARequestToParseInstructions.WhenTheInstructionIsRight_ThenOnlyDirectionChanges","ExecutorUri":"executor://xunit/VsTestRunner2/netcoreapp","Source":"C:\\Development\\PersonalProjects\\Cambium\\MarsRover.Tests\\bin\\Debug\\net6.0\\fine-code-coverage\\build-output\\MarsRover.Tests.dll","CodeFilePath":null,"LineNumber":0,"Properties":[]},"Attachments":[],"Outcome":1,"ErrorMessage":null,"ErrorStackTrace":null,"DisplayName":"MarsRover.Tests.Service.MarsRoverInstructionParserTests+GivenARequestToParseInstructions.WhenTheInstructionIsRight_ThenOnlyDirectionChanges","Messages":[],"ComputerName":"DESKTOP-NTKJEIF","Duration":"00:00:00.0005389","StartTime":"2022-11-17T11:05:48.0744842+00:00","EndTime":"2022-11-17T11:05:48.0744843+00:00","Properties":[]},{"TestCase":{"Id":"13fcf39c-0321-d4af-a2c4-12e8d12b8276","FullyQualifiedName":"MarsRover.Tests.Service.MarsRoverInstructionParserTests+GivenARequestToParseInstructions.WhenThereAreMultipleLines_ThenMultipleInstructionsAreReturned","DisplayName":"MarsRover.Tests.Service.MarsRoverInstructionParserTests+GivenARequestToParseInstructions.WhenThereAreMultipleLines_ThenMultipleInstructionsAreReturned","ExecutorUri":"executor://xunit/VsTestRunner2/netcoreapp","Source":"C:\\Development\\PersonalProjects\\Cambium\\MarsRover.Tests\\bin\\Debug\\net6.0\\fine-code-coverage\\build-output\\MarsRover.Tests.dll","CodeFilePath":null,"LineNumber":0,"Properties":[]},"Attachments":[],"Outcome":1,"ErrorMessage":null,"ErrorStackTrace":null,"DisplayName":"MarsRover.Tests.Service.MarsRoverInstructionParserTests+GivenARequestToParseInstructions.WhenThereAreMultipleLines_ThenMultipleInstructionsAreReturned","Messages":[],"ComputerName":"DESKTOP-NTKJEIF","Duration":"00:00:00.0003168","StartTime":"2022-11-17T11:05:48.0758561+00:00","EndTime":"2022-11-17T11:05:48.0758562+00:00","Properties":[]},{"TestCase":{"Id":"82d6dfce-107f-2ec8-f0e8-bacacf590328","FullyQualifiedName":"MarsRover.Tests.Service.MarsRoverInstructionParserTests+GivenARequestToParseInstructions.WhenInstructionsAreInvalid_ThenIExpectAnException","DisplayName":"MarsRover.Tests.Service.MarsRoverInstructionParserTests+GivenARequestToParseInstructions.WhenInstructionsAreInvalid_ThenIExpectAnException","ExecutorUri":"executor://xunit/VsTestRunner2/netcoreapp","Source":"C:\\Development\\PersonalProjects\\Cambium\\MarsRover.Tests\\bin\\Debug\\net6.0\\fine-code-coverage\\build-output\\MarsRover.Tests.dll","CodeFilePath":null,"LineNumber":0,"Properties":[]},"Attachments":[],"Outcome":1,"ErrorMessage":null,"ErrorStackTrace":null,"DisplayName":"MarsRover.Tests.Service.MarsRoverInstructionParserTests+GivenARequestToParseInstructions.WhenInstructionsAreInvalid_ThenIExpectAnException","Messages":[],"ComputerName":"DESKTOP-NTKJEIF","Duration":"00:00:00.0004151","StartTime":"2022-11-17T11:05:48.0772383+00:00","EndTime":"2022-11-17T11:05:48.0772384+00:00","Properties":[]},{"TestCase":{"Id":"8e5ebe0e-c28f-3bb5-36cb-dfd62342eb92","FullyQualifiedName":"MarsRover.Tests.Service.MarsRoverInstructionParserTests+GivenARequestToParseInstructions.WhenStartingPositionIsNotFormattedCorrectly_ThenIExpectAnException","DisplayName":"MarsRover.Tests.Service.MarsRoverInstructionParserTests+GivenARequestToParseInstructions.WhenStartingPositionIsNotFormattedCorrectly_ThenIExpectAnException","ExecutorUri":"executor://xunit/VsTestRunner2/netcoreapp","Source":"C:\\Development\\PersonalProjects\\Cambium\\MarsRover.Tests\\bin\\Debug\\net6.0\\fine-code-coverage\\build-output\\MarsRover.Tests.dll","CodeFilePath":null,"LineNumber":0,"Properties":[]},"Attachments":[],"Outcome":1,"ErrorMessage":null,"ErrorStackTrace":null,"DisplayName":"MarsRover.Tests.Service.MarsRoverInstructionParserTests+GivenARequestToParseInstructions.WhenStartingPositionIsNotFormattedCorrectly_ThenIExpectAnException","Messages":[],"ComputerName":"DESKTOP-NTKJEIF","Duration":"00:00:00.0001890","StartTime":"2022-11-17T11:05:48.0786833+00:00","EndTime":"2022-11-17T11:05:48.0786834+00:00","Properties":[]},{"TestCase":{"Id":"d7600e08-ce20-5e05-0661-f203864775bc","FullyQualifiedName":"MarsRover.Tests.Service.MarsRoverInstructionParserTests+GivenARequestToParseInstructions.WhenThereAreNoMoves_ThenIExpectAnException","DisplayName":"MarsRover.Tests.Service.MarsRoverInstructionParserTests+GivenARequestToParseInstructions.WhenThereAreNoMoves_ThenIExpectAnException","ExecutorUri":"executor://xunit/VsTestRunner2/netcoreapp","Source":"C:\\Development\\PersonalProjects\\Cambium\\MarsRover.Tests\\bin\\Debug\\net6.0\\fine-code-coverage\\build-output\\MarsRover.Tests.dll","CodeFilePath":null,"LineNumber":0,"Properties":[]},"Attachments":[],"Outcome":1,"ErrorMessage":null,"ErrorStackTrace":null,"DisplayName":"MarsRover.Tests.Service.MarsRoverInstructionParserTests+GivenARequestToParseInstructions.WhenThereAreNoMoves_ThenIExpectAnException","Messages":[],"ComputerName":"DESKTOP-NTKJEIF","Duration":"00:00:00.0001834","StartTime":"2022-11-17T11:05:48.0801411+00:00","EndTime":"2022-11-17T11:05:48.0801413+00:00","Properties":[]},{"TestCase":{"Id":"f377770b-bf1d-786d-e5ba-a0be6e99a6c8","FullyQualifiedName":"MarsRover.Tests.Service.MarsRoverInstructionParserTests+GivenARequestToParseInstructions.WhenTheInstructionIsLeft_ThenOnlyDirectionChanges","DisplayName":"MarsRover.Tests.Service.MarsRoverInstructionParserTests+GivenARequestToParseInstructions.WhenTheInstructionIsLeft_ThenOnlyDirectionChanges","ExecutorUri":"executor://xunit/VsTestRunner2/netcoreapp","Source":"C:\\Development\\PersonalProjects\\Cambium\\MarsRover.Tests\\bin\\Debug\\net6.0\\fine-code-coverage\\build-output\\MarsRover.Tests.dll","CodeFilePath":null,"LineNumber":0,"Properties":[]},"Attachments":[],"Outcome":1,"ErrorMessage":null,"ErrorStackTrace":null,"DisplayName":"MarsRover.Tests.Service.MarsRoverInstructionParserTests+GivenARequestToParseInstructions.WhenTheInstructionIsLeft_ThenOnlyDirectionChanges","Messages":[],"ComputerName":"DESKTOP-NTKJEIF","Duration":"00:00:00.0005980","StartTime":"2022-11-17T11:05:48.0814638+00:00","EndTime":"2022-11-17T11:05:48.0814639+00:00","Properties":[]}],"TestRunStatistics":{"ExecutedTests":9,"Stats":{"Passed":9}},"ActiveTests":[]},"RunAttachments":[],"ExecutorUris":["executor://xunit/VsTestRunner2/netcoreapp"]}}
TpTrace Verbose: 0 : 15352, 7, 2022/11/17, 11:05:48.119, 756219925362, vstest.console.dll, TestRequestSender.EndSession: Sending end session.
TpTrace Verbose: 0 : 15352, 7, 2022/11/17, 11:05:48.119, 756219926505, vstest.console.dll, ProxyOperationManager.Close: waiting for test host to exit for 100 ms
TpTrace Warning: 0 : 15352, 11, 2022/11/17, 11:05:48.138, 756220111725, vstest.console.dll, TestHostManagerCallbacks.ErrorReceivedCallback Test host standard error line: 
TpTrace Verbose: 0 : 15352, 8, 2022/11/17, 11:05:48.156, 756220300140, vstest.console.dll, TestHostProvider.ExitCallBack: Host exited starting callback.
TpTrace Information: 0 : 15352, 8, 2022/11/17, 11:05:48.157, 756220305983, vstest.console.dll, TestHostManagerCallbacks.ExitCallBack: Testhost processId: 25904 exited with exitcode: 0 error: ''
TpTrace Verbose: 0 : 15352, 8, 2022/11/17, 11:05:48.157, 756220306551, vstest.console.dll, DotnetTestHostManager.OnHostExited: invoking OnHostExited callback
TpTrace Verbose: 0 : 15352, 8, 2022/11/17, 11:05:48.157, 756220307106, vstest.console.dll, CrossPlatEngine.TestHostManagerHostExited: calling on client process exit callback.
TpTrace Information: 0 : 15352, 8, 2022/11/17, 11:05:48.157, 756220307716, vstest.console.dll, TestRequestSender.OnClientProcessExit: Test host process exited. Standard error: 
TpTrace Information: 0 : 15352, 8, 2022/11/17, 11:05:48.157, 756220307984, vstest.console.dll, SocketServer.Stop: Stop server endPoint: 127.0.0.1:51624
TpTrace Information: 0 : 15352, 8, 2022/11/17, 11:05:48.157, 756220308152, vstest.console.dll, SocketServer.Stop: Cancellation requested. Stopping message loop.
TpTrace Information: 0 : 15352, 7, 2022/11/17, 11:05:48.157, 756220308744, vstest.console.dll, SocketServer.Stop: Stop server endPoint: 127.0.0.1:51624
TpTrace Information: 0 : 15352, 7, 2022/11/17, 11:05:48.157, 756220309581, vstest.console.dll, SocketServer.Stop: Cancellation requested. Stopping message loop.
TpTrace Information: 0 : 15352, 7, 2022/11/17, 11:05:48.157, 756220309940, vstest.console.dll, Closing the connection
TpTrace Warning: 0 : 15352, 7, 2022/11/17, 11:05:48.157, 756220310148, vstest.console.dll, ProxyOperationManager: Timed out waiting for test host to exit. Will terminate process.
TpTrace Verbose: 0 : 15352, 7, 2022/11/17, 11:05:48.158, 756220314873, vstest.console.dll, ProxyDataCollectionManager.InvokeDataCollectionServiceAction: Starting.
TpTrace Information: 0 : 15352, 7, 2022/11/17, 11:05:48.158, 756220315239, vstest.console.dll, ProxyDataCollectionManager.AfterTestRunEnd: Get attachment set for datacollector processId: 35744 port: 51621
TpTrace Verbose: 0 : 15352, 7, 2022/11/17, 11:05:48.158, 756220315644, vstest.console.dll, DataCollectionRequestSender.SendAfterTestRunStartAndGetResult : Send AfterTestRunEnd message with isCancelled: False
TpTrace Verbose: 0 : 15352, 7, 2022/11/17, 11:05:48.161, 756220343322, vstest.console.dll, DataCollectionRequestSender.SendAfterTestRunStartAndGetResult : Received message: (DataCollection.AfterTestRunEndResult) -> {
  "AttachmentSets": [],
  "Metrics": {}
}
TpTrace Information: 0 : 15352, 7, 2022/11/17, 11:05:48.164, 756220380376, vstest.console.dll, ProxyDataCollectionManager.InvokeDataCollectionServiceAction: Completed.
TpTrace Warning: 0 : 15352, 10, 2022/11/17, 11:05:48.166, 756220391288, vstest.console.dll, DataCollectionLauncher.ErrorReceivedCallback datacollector standard error line: 
TpTrace Information: 0 : 15352, 8, 2022/11/17, 11:05:48.170, 756220435275, vstest.console.dll, DataCollectionLauncher.ExitCallBack: Data collector exited with exitcode: 0 error: ''
TpTrace Verbose: 0 : 15352, 7, 2022/11/17, 11:05:48.196, 756220697102, vstest.console.dll, TestRunRequest:SendTestRunStatsChange: Starting.
TpTrace Information: 0 : 15352, 7, 2022/11/17, 11:05:48.197, 756220701753, vstest.console.dll, TestRunRequest:SendTestRunStatsChange: Completed.
TpTrace Verbose: 0 : 15352, 7, 2022/11/17, 11:05:48.197, 756220703693, vstest.console.dll, ParallelProxyExecutionManager: HandlePartialRunComplete: Total completed clients = 1, Run complete = True, Run canceled: False.
TpTrace Verbose: 0 : 15352, 7, 2022/11/17, 11:05:48.214, 756220880578, vstest.console.dll, TestRunRequest:TestRunComplete: Starting. IsAborted:False IsCanceled:False.
TpTrace Verbose: 0 : 15352, 7, 2022/11/17, 11:05:48.215, 756220884365, vstest.console.dll, TestLoggerManager.HandleTestRunComplete: Ignoring as the object is disposed.
TpTrace Information: 0 : 15352, 7, 2022/11/17, 11:05:48.215, 756220886309, vstest.console.dll, TestRunRequest:TestRunComplete: Completed.
TpTrace Verbose: 0 : 15352, 7, 2022/11/17, 11:05:48.215, 756220886651, vstest.console.dll, TestRequestSender.SetOperationComplete: Setting operation complete.
TpTrace Information: 0 : 15352, 7, 2022/11/17, 11:05:48.215, 756220887144, vstest.console.dll, SocketServer.Stop: Stop server endPoint: 127.0.0.1:51624
TpTrace Verbose: 0 : 15352, 1, 2022/11/17, 11:05:48.215, 756220887355, vstest.console.dll, TestRunRequest.Dispose: Starting.
TpTrace Information: 0 : 15352, 1, 2022/11/17, 11:05:48.215, 756220888805, vstest.console.dll, TestRunRequest.Dispose: Completed.
TpTrace Information: 0 : 15352, 1, 2022/11/17, 11:05:48.215, 756220889065, vstest.console.dll, TestRequestManager.RunTests: run tests completed.
TpTrace Information: 0 : 15352, 7, 2022/11/17, 11:05:48.215, 756220889259, vstest.console.dll, SocketServer.Stop: Cancellation requested. Stopping message loop.
TpTrace Information: 0 : 15352, 1, 2022/11/17, 11:05:48.215, 756220889492, vstest.console.dll, RunTestsArgumentProcessor:Execute: Test run is completed.
TpTrace Information: 0 : 15352, 7, 2022/11/17, 11:05:48.215, 756220889860, vstest.console.dll, SocketServer.PrivateStop: Stopping server endPoint: 127.0.0.1:51624 error: 
TpTrace Verbose: 0 : 15352, 1, 2022/11/17, 11:05:48.216, 756220891423, vstest.console.dll, Executor.Execute: Exiting with exit code of 0
TpTrace Verbose: 0 : 15352, 7, 2022/11/17, 11:05:48.216, 756220898836, vstest.console.dll, LengthPrefixCommunicationChannel.Dispose: Dispose reader and writer.
TpTrace Information: 0 : 15352, 7, 2022/11/17, 11:05:48.217, 756220900593, vstest.console.dll, SocketServer.Stop: Raise disconnected event endPoint: 127.0.0.1:51624 error: 
TpTrace Verbose: 0 : 15352, 7, 2022/11/17, 11:05:48.217, 756220901656, vstest.console.dll, TestRequestSender: OnTestRunAbort: Operation is already complete. Skip error message.
TpTrace Verbose: 0 : 15352, 7, 2022/11/17, 11:05:48.217, 756220902308, vstest.console.dll, TcpClientExtensions.MessageLoopAsync: exiting MessageLoopAsync remoteEndPoint: 127.0.0.1:51625 localEndPoint: 127.0.0.1:51624
